2018-02-06T08:50:08.300289Z 0 [Warning] InnoDB: New log files created, LSN=45790
2018-02-06T08:50:08.399535Z 0 [Warning] InnoDB: Creating foreign key constraint system tables.
2018-02-06T08:50:08.460169Z 0 [Warning] No existing UUID has been found, so we assume that this is the first time that this server has been started. Generating a new UUID: bbeb1653-0b1a-11e8-bb46-0242ac130002.
2018-02-06T08:50:08.464895Z 0 [Warning] Gtid table is not ready to be used. Table 'mysql.gtid_executed' cannot be opened.
2018-02-06T08:50:08.466971Z 1 [Warning] root@localhost is created with an empty password ! Please consider switching off the --initialize-insecure option.
2018-02-06T08:50:09.096881Z 1 [Warning] 'user' entry 'root@localhost' ignored in --skip-name-resolve mode.
2018-02-06T08:50:09.097340Z 1 [Warning] 'user' entry 'mysql.session@localhost' ignored in --skip-name-resolve mode.
2018-02-06T08:50:09.097656Z 1 [Warning] 'user' entry 'mysql.sys@localhost' ignored in --skip-name-resolve mode.
2018-02-06T08:50:09.097882Z 1 [Warning] 'db' entry 'performance_schema mysql.session@localhost' ignored in --skip-name-resolve mode.
2018-02-06T08:50:09.098081Z 1 [Warning] 'db' entry 'sys mysql.sys@localhost' ignored in --skip-name-resolve mode.
2018-02-06T08:50:09.098294Z 1 [Warning] 'proxies_priv' entry '@ root@localhost' ignored in --skip-name-resolve mode.
2018-02-06T08:50:09.098610Z 1 [Warning] 'tables_priv' entry 'user mysql.session@localhost' ignored in --skip-name-resolve mode.
2018-02-06T08:50:09.098829Z 1 [Warning] 'tables_priv' entry 'sys_config mysql.sys@localhost' ignored in --skip-name-resolve mode.
2018-02-06T08:50:11.506018Z 0 [Note] mysqld (mysqld 5.7.21) starting as process 91 ...
2018-02-06T08:50:11.511703Z 0 [Note] InnoDB: PUNCH HOLE support available
2018-02-06T08:50:11.512077Z 0 [Note] InnoDB: Mutexes and rw_locks use GCC atomic builtins
2018-02-06T08:50:11.512700Z 0 [Note] InnoDB: Uses event mutexes
2018-02-06T08:50:11.513045Z 0 [Note] InnoDB: GCC builtin __atomic_thread_fence() is used for memory barrier
2018-02-06T08:50:11.513321Z 0 [Note] InnoDB: Compressed tables use zlib 1.2.3
2018-02-06T08:50:11.513556Z 0 [Note] InnoDB: Using Linux native AIO
2018-02-06T08:50:11.514103Z 0 [Note] InnoDB: Number of pools: 1
2018-02-06T08:50:11.514587Z 0 [Note] InnoDB: Using CPU crc32 instructions
2018-02-06T08:50:11.515810Z 0 [Note] InnoDB: Initializing buffer pool, total size = 128M, instances = 1, chunk size = 128M
2018-02-06T08:50:11.521261Z 0 [Note] InnoDB: Completed initialization of buffer pool
2018-02-06T08:50:11.523013Z 0 [Note] InnoDB: If the mysqld execution user is authorized, page cleaner thread priority can be changed. See the man page of setpriority().
2018-02-06T08:50:11.536763Z 0 [Note] InnoDB: Highest supported file format is Barracuda.
2018-02-06T08:50:11.552639Z 0 [Note] InnoDB: Creating shared tablespace for temporary tables
2018-02-06T08:50:11.553153Z 0 [Note] InnoDB: Setting file './ibtmp1' size to 12 MB. Physically writing the file full; Please wait ...
2018-02-06T08:50:11.606993Z 0 [Note] InnoDB: File './ibtmp1' size is now 12 MB.
2018-02-06T08:50:11.608372Z 0 [Note] InnoDB: 96 redo rollback segment(s) found. 96 redo rollback segment(s) are active.
2018-02-06T08:50:11.608796Z 0 [Note] InnoDB: 32 non-redo rollback segment(s) are active.
2018-02-06T08:50:11.609615Z 0 [Note] InnoDB: Waiting for purge to start
2018-02-06T08:50:11.660395Z 0 [Note] InnoDB: 5.7.21 started; log sequence number 2551166
2018-02-06T08:50:11.661288Z 0 [Note] InnoDB: Loading buffer pool(s) from /var/lib/mysql/ib_buffer_pool
2018-02-06T08:50:11.662374Z 0 [Note] Plugin 'FEDERATED' is disabled.
2018-02-06T08:50:11.663926Z 0 [Note] InnoDB: Buffer pool(s) load completed at 180206  8:50:11
2018-02-06T08:50:11.667037Z 0 [Note] Found ca.pem, server-cert.pem and server-key.pem in data directory. Trying to enable SSL support using them.
2018-02-06T08:50:11.668741Z 0 [Warning] CA certificate ca.pem is self signed.
2018-02-06T08:50:11.676094Z 0 [Warning] 'user' entry 'root@localhost' ignored in --skip-name-resolve mode.
2018-02-06T08:50:11.676716Z 0 [Warning] 'user' entry 'mysql.session@localhost' ignored in --skip-name-resolve mode.
2018-02-06T08:50:11.677236Z 0 [Warning] 'user' entry 'mysql.sys@localhost' ignored in --skip-name-resolve mode.
2018-02-06T08:50:11.677726Z 0 [Warning] 'db' entry 'performance_schema mysql.session@localhost' ignored in --skip-name-resolve mode.
2018-02-06T08:50:11.678102Z 0 [Warning] 'db' entry 'sys mysql.sys@localhost' ignored in --skip-name-resolve mode.
2018-02-06T08:50:11.678457Z 0 [Warning] 'proxies_priv' entry '@ root@localhost' ignored in --skip-name-resolve mode.
2018-02-06T08:50:11.681035Z 0 [Warning] 'tables_priv' entry 'user mysql.session@localhost' ignored in --skip-name-resolve mode.
2018-02-06T08:50:11.681666Z 0 [Warning] 'tables_priv' entry 'sys_config mysql.sys@localhost' ignored in --skip-name-resolve mode.
2018-02-06T08:52:20.527776Z 0 [Warning] InnoDB: New log files created, LSN=45790
2018-02-06T08:52:20.604393Z 0 [Warning] InnoDB: Creating foreign key constraint system tables.
2018-02-06T08:52:20.613848Z 0 [Warning] No existing UUID has been found, so we assume that this is the first time that this server has been started. Generating a new UUID: 0ab023f4-0b1b-11e8-bda1-0242ac130002.
2018-02-06T08:52:20.615607Z 0 [Warning] Gtid table is not ready to be used. Table 'mysql.gtid_executed' cannot be opened.
2018-02-06T08:52:20.616383Z 1 [Warning] root@localhost is created with an empty password ! Please consider switching off the --initialize-insecure option.
2018-02-06T08:52:21.266369Z 1 [Warning] 'user' entry 'root@localhost' ignored in --skip-name-resolve mode.
2018-02-06T08:52:21.266809Z 1 [Warning] 'user' entry 'mysql.session@localhost' ignored in --skip-name-resolve mode.
2018-02-06T08:52:21.267073Z 1 [Warning] 'user' entry 'mysql.sys@localhost' ignored in --skip-name-resolve mode.
2018-02-06T08:52:21.267336Z 1 [Warning] 'db' entry 'performance_schema mysql.session@localhost' ignored in --skip-name-resolve mode.
2018-02-06T08:52:21.267578Z 1 [Warning] 'db' entry 'sys mysql.sys@localhost' ignored in --skip-name-resolve mode.
2018-02-06T08:52:21.267812Z 1 [Warning] 'proxies_priv' entry '@ root@localhost' ignored in --skip-name-resolve mode.
2018-02-06T08:52:21.268082Z 1 [Warning] 'tables_priv' entry 'user mysql.session@localhost' ignored in --skip-name-resolve mode.
2018-02-06T08:52:21.268314Z 1 [Warning] 'tables_priv' entry 'sys_config mysql.sys@localhost' ignored in --skip-name-resolve mode.
2018-02-06T08:52:23.903921Z 0 [Note] mysqld (mysqld 5.7.21) starting as process 89 ...
2018-02-06T08:52:23.910098Z 0 [Note] InnoDB: PUNCH HOLE support available
2018-02-06T08:52:23.910503Z 0 [Note] InnoDB: Mutexes and rw_locks use GCC atomic builtins
2018-02-06T08:52:23.911000Z 0 [Note] InnoDB: Uses event mutexes
2018-02-06T08:52:23.911368Z 0 [Note] InnoDB: GCC builtin __atomic_thread_fence() is used for memory barrier
2018-02-06T08:52:23.911710Z 0 [Note] InnoDB: Compressed tables use zlib 1.2.3
2018-02-06T08:52:23.912050Z 0 [Note] InnoDB: Using Linux native AIO
2018-02-06T08:52:23.912611Z 0 [Note] InnoDB: Number of pools: 1
2018-02-06T08:52:23.913019Z 0 [Note] InnoDB: Using CPU crc32 instructions
2018-02-06T08:52:23.914332Z 0 [Note] InnoDB: Initializing buffer pool, total size = 128M, instances = 1, chunk size = 128M
2018-02-06T08:52:23.920668Z 0 [Note] InnoDB: Completed initialization of buffer pool
2018-02-06T08:52:23.922483Z 0 [Note] InnoDB: If the mysqld execution user is authorized, page cleaner thread priority can be changed. See the man page of setpriority().
2018-02-06T08:52:23.935307Z 0 [Note] InnoDB: Highest supported file format is Barracuda.
2018-02-06T08:52:23.944778Z 0 [Note] InnoDB: Creating shared tablespace for temporary tables
2018-02-06T08:52:23.945232Z 0 [Note] InnoDB: Setting file './ibtmp1' size to 12 MB. Physically writing the file full; Please wait ...
2018-02-06T08:52:23.982748Z 0 [Note] InnoDB: File './ibtmp1' size is now 12 MB.
2018-02-06T08:52:23.984194Z 0 [Note] InnoDB: 96 redo rollback segment(s) found. 96 redo rollback segment(s) are active.
2018-02-06T08:52:23.984532Z 0 [Note] InnoDB: 32 non-redo rollback segment(s) are active.
2018-02-06T08:52:23.985223Z 0 [Note] InnoDB: Waiting for purge to start
2018-02-06T08:52:24.036347Z 0 [Note] InnoDB: 5.7.21 started; log sequence number 2551166
2018-02-06T08:52:24.038112Z 0 [Note] Plugin 'FEDERATED' is disabled.
2018-02-06T08:52:24.046022Z 0 [Note] Found ca.pem, server-cert.pem and server-key.pem in data directory. Trying to enable SSL support using them.
2018-02-06T08:52:24.047365Z 0 [Warning] CA certificate ca.pem is self signed.
2018-02-06T08:52:24.038673Z 0 [Note] InnoDB: Loading buffer pool(s) from /var/lib/mysql/ib_buffer_pool
2018-02-06T08:52:24.051707Z 0 [Note] InnoDB: Buffer pool(s) load completed at 180206  8:52:24
2018-02-06T08:52:24.053083Z 0 [Warning] 'user' entry 'root@localhost' ignored in --skip-name-resolve mode.
2018-02-06T08:52:24.053420Z 0 [Warning] 'user' entry 'mysql.session@localhost' ignored in --skip-name-resolve mode.
2018-02-06T08:52:24.053675Z 0 [Warning] 'user' entry 'mysql.sys@localhost' ignored in --skip-name-resolve mode.
2018-02-06T08:52:24.054368Z 0 [Warning] 'db' entry 'performance_schema mysql.session@localhost' ignored in --skip-name-resolve mode.
2018-02-06T08:52:24.054611Z 0 [Warning] 'db' entry 'sys mysql.sys@localhost' ignored in --skip-name-resolve mode.
2018-02-06T08:52:24.054839Z 0 [Warning] 'proxies_priv' entry '@ root@localhost' ignored in --skip-name-resolve mode.
2018-02-06T08:52:24.056572Z 0 [Warning] 'tables_priv' entry 'user mysql.session@localhost' ignored in --skip-name-resolve mode.
2018-02-06T08:52:24.057285Z 0 [Warning] 'tables_priv' entry 'sys_config mysql.sys@localhost' ignored in --skip-name-resolve mode.
2018-02-06T08:52:24.064400Z 0 [Note] Event Scheduler: Loaded 0 events
2018-02-06T08:52:24.066339Z 0 [Note] mysqld: ready for connections.
Version: '5.7.21'  socket: '/var/run/mysqld/mysqld.sock'  port: 0  MySQL Community Server (GPL)
2018-02-06T08:52:26.938017Z 4 [Warning] 'user' entry 'root@localhost' ignored in --skip-name-resolve mode.
2018-02-06T08:52:26.938354Z 4 [Warning] 'user' entry 'mysql.session@localhost' ignored in --skip-name-resolve mode.
2018-02-06T08:52:26.938718Z 4 [Warning] 'user' entry 'mysql.sys@localhost' ignored in --skip-name-resolve mode.
2018-02-06T08:52:26.939082Z 4 [Warning] 'db' entry 'performance_schema mysql.session@localhost' ignored in --skip-name-resolve mode.
2018-02-06T08:52:26.939364Z 4 [Warning] 'db' entry 'sys mysql.sys@localhost' ignored in --skip-name-resolve mode.
2018-02-06T08:52:26.939660Z 4 [Warning] 'proxies_priv' entry '@ root@localhost' ignored in --skip-name-resolve mode.
2018-02-06T08:52:26.940048Z 4 [Warning] 'tables_priv' entry 'user mysql.session@localhost' ignored in --skip-name-resolve mode.
2018-02-06T08:52:26.940333Z 4 [Warning] 'tables_priv' entry 'sys_config mysql.sys@localhost' ignored in --skip-name-resolve mode.
2018-02-06T08:52:27.187266Z 0 [Note] Giving 0 client threads a chance to die gracefully
2018-02-06T08:52:27.187571Z 0 [Note] Shutting down slave threads
2018-02-06T08:52:27.187803Z 0 [Note] Forcefully disconnecting 0 remaining clients
2018-02-06T08:52:27.188061Z 0 [Note] Event Scheduler: Purging the queue. 0 events
2018-02-06T08:52:27.188341Z 0 [Note] Binlog end
2018-02-06T08:52:27.189020Z 0 [Note] Shutting down plugin 'ngram'
2018-02-06T08:52:27.189326Z 0 [Note] Shutting down plugin 'BLACKHOLE'
2018-02-06T08:52:27.189655Z 0 [Note] Shutting down plugin 'partition'
2018-02-06T08:52:27.189925Z 0 [Note] Shutting down plugin 'ARCHIVE'
2018-02-06T08:52:27.190183Z 0 [Note] Shutting down plugin 'MEMORY'
2018-02-06T08:52:27.190476Z 0 [Note] Shutting down plugin 'INNODB_SYS_VIRTUAL'
2018-02-06T08:52:27.190735Z 0 [Note] Shutting down plugin 'INNODB_SYS_DATAFILES'
2018-02-06T08:52:27.190995Z 0 [Note] Shutting down plugin 'INNODB_SYS_TABLESPACES'
2018-02-06T08:52:27.191369Z 0 [Note] Shutting down plugin 'INNODB_SYS_FOREIGN_COLS'
2018-02-06T08:52:27.193966Z 0 [Note] Shutting down plugin 'INNODB_SYS_FOREIGN'
2018-02-06T08:52:27.194365Z 0 [Note] Shutting down plugin 'INNODB_SYS_FIELDS'
2018-02-06T08:52:27.194695Z 0 [Note] Shutting down plugin 'INNODB_SYS_COLUMNS'
2018-02-06T08:52:27.195064Z 0 [Note] Shutting down plugin 'INNODB_SYS_INDEXES'
2018-02-06T08:52:27.195355Z 0 [Note] Shutting down plugin 'INNODB_SYS_TABLESTATS'
2018-02-06T08:52:27.195630Z 0 [Note] Shutting down plugin 'INNODB_SYS_TABLES'
2018-02-06T08:52:27.195890Z 0 [Note] Shutting down plugin 'INNODB_FT_INDEX_TABLE'
2018-02-06T08:52:27.196140Z 0 [Note] Shutting down plugin 'INNODB_FT_INDEX_CACHE'
2018-02-06T08:52:27.196464Z 0 [Note] Shutting down plugin 'INNODB_FT_CONFIG'
2018-02-06T08:52:27.196806Z 0 [Note] Shutting down plugin 'INNODB_FT_BEING_DELETED'
2018-02-06T08:52:27.197088Z 0 [Note] Shutting down plugin 'INNODB_FT_DELETED'
2018-02-06T08:52:27.197456Z 0 [Note] Shutting down plugin 'INNODB_FT_DEFAULT_STOPWORD'
2018-02-06T08:52:27.197757Z 0 [Note] Shutting down plugin 'INNODB_METRICS'
2018-02-06T08:52:27.198038Z 0 [Note] Shutting down plugin 'INNODB_TEMP_TABLE_INFO'
2018-02-06T08:52:27.198372Z 0 [Note] Shutting down plugin 'INNODB_BUFFER_POOL_STATS'
2018-02-06T08:52:27.198849Z 0 [Note] Shutting down plugin 'INNODB_BUFFER_PAGE_LRU'
2018-02-06T08:52:27.199106Z 0 [Note] Shutting down plugin 'INNODB_BUFFER_PAGE'
2018-02-06T08:52:27.199368Z 0 [Note] Shutting down plugin 'INNODB_CMP_PER_INDEX_RESET'
2018-02-06T08:52:27.199877Z 0 [Note] Shutting down plugin 'INNODB_CMP_PER_INDEX'
2018-02-06T08:52:27.200154Z 0 [Note] Shutting down plugin 'INNODB_CMPMEM_RESET'
2018-02-06T08:52:27.200484Z 0 [Note] Shutting down plugin 'INNODB_CMPMEM'
2018-02-06T08:52:27.200710Z 0 [Note] Shutting down plugin 'INNODB_CMP_RESET'
2018-02-06T08:52:27.200936Z 0 [Note] Shutting down plugin 'INNODB_CMP'
2018-02-06T08:52:27.201269Z 0 [Note] Shutting down plugin 'INNODB_LOCK_WAITS'
2018-02-06T08:52:27.201618Z 0 [Note] Shutting down plugin 'INNODB_LOCKS'
2018-02-06T08:52:27.201844Z 0 [Note] Shutting down plugin 'INNODB_TRX'
2018-02-06T08:52:27.202166Z 0 [Note] Shutting down plugin 'InnoDB'
2018-02-06T08:52:27.202464Z 0 [Note] InnoDB: FTS optimize thread exiting.
2018-02-06T08:52:27.202988Z 0 [Note] InnoDB: Starting shutdown...
2018-02-06T08:52:27.305116Z 0 [Note] InnoDB: Dumping buffer pool(s) to /var/lib/mysql/ib_buffer_pool
2018-02-06T08:52:27.306318Z 0 [Note] InnoDB: Buffer pool(s) dump completed at 180206  8:52:27
2018-02-06T08:52:29.070213Z 0 [Note] InnoDB: Shutdown completed; log sequence number 12221292
2018-02-06T08:52:29.073791Z 0 [Note] InnoDB: Removed temporary tablespace data file: "ibtmp1"
2018-02-06T08:52:29.074367Z 0 [Note] Shutting down plugin 'MyISAM'
2018-02-06T08:52:29.074829Z 0 [Note] Shutting down plugin 'MRG_MYISAM'
2018-02-06T08:52:29.075201Z 0 [Note] Shutting down plugin 'CSV'
2018-02-06T08:52:29.075580Z 0 [Note] Shutting down plugin 'PERFORMANCE_SCHEMA'
2018-02-06T08:52:29.075981Z 0 [Note] Shutting down plugin 'sha256_password'
2018-02-06T08:52:29.076412Z 0 [Note] Shutting down plugin 'mysql_native_password'
2018-02-06T08:52:29.076912Z 0 [Note] Shutting down plugin 'binlog'
2018-02-06T08:52:29.080301Z 0 [Note] mysqld: Shutdown complete

2018-02-06T08:52:29.408801Z 0 [Note] mysqld (mysqld 5.7.21) starting as process 1 ...
2018-02-06T08:52:29.418994Z 0 [Note] InnoDB: PUNCH HOLE support available
2018-02-06T08:52:29.419354Z 0 [Note] InnoDB: Mutexes and rw_locks use GCC atomic builtins
2018-02-06T08:52:29.419631Z 0 [Note] InnoDB: Uses event mutexes
2018-02-06T08:52:29.419870Z 0 [Note] InnoDB: GCC builtin __atomic_thread_fence() is used for memory barrier
2018-02-06T08:52:29.420121Z 0 [Note] InnoDB: Compressed tables use zlib 1.2.3
2018-02-06T08:52:29.420362Z 0 [Note] InnoDB: Using Linux native AIO
2018-02-06T08:52:29.420816Z 0 [Note] InnoDB: Number of pools: 1
2018-02-06T08:52:29.421168Z 0 [Note] InnoDB: Using CPU crc32 instructions
2018-02-06T08:52:29.422465Z 0 [Note] InnoDB: Initializing buffer pool, total size = 128M, instances = 1, chunk size = 128M
2018-02-06T08:52:29.428119Z 0 [Note] InnoDB: Completed initialization of buffer pool
2018-02-06T08:52:29.429947Z 0 [Note] InnoDB: If the mysqld execution user is authorized, page cleaner thread priority can be changed. See the man page of setpriority().
2018-02-06T08:52:29.443976Z 0 [Note] InnoDB: Highest supported file format is Barracuda.
2018-02-06T08:52:29.460089Z 0 [Note] InnoDB: Creating shared tablespace for temporary tables
2018-02-06T08:52:29.461001Z 0 [Note] InnoDB: Setting file './ibtmp1' size to 12 MB. Physically writing the file full; Please wait ...
2018-02-06T08:52:29.502655Z 0 [Note] InnoDB: File './ibtmp1' size is now 12 MB.
2018-02-06T08:52:29.503854Z 0 [Note] InnoDB: 96 redo rollback segment(s) found. 96 redo rollback segment(s) are active.
2018-02-06T08:52:29.504173Z 0 [Note] InnoDB: 32 non-redo rollback segment(s) are active.
2018-02-06T08:52:29.504798Z 0 [Note] InnoDB: Waiting for purge to start
2018-02-06T08:52:29.556126Z 0 [Note] InnoDB: 5.7.21 started; log sequence number 12221292
2018-02-06T08:52:29.557716Z 0 [Note] Plugin 'FEDERATED' is disabled.
2018-02-06T08:52:29.558139Z 0 [Note] InnoDB: Loading buffer pool(s) from /var/lib/mysql/ib_buffer_pool
2018-02-06T08:52:29.564100Z 0 [Note] InnoDB: Buffer pool(s) load completed at 180206  8:52:29
2018-02-06T08:52:29.565028Z 0 [Note] Found ca.pem, server-cert.pem and server-key.pem in data directory. Trying to enable SSL support using them.
2018-02-06T08:52:29.565781Z 0 [Warning] CA certificate ca.pem is self signed.
2018-02-06T08:52:29.567448Z 0 [Note] Server hostname (bind-address): '*'; port: 3306
2018-02-06T08:52:29.567829Z 0 [Note] IPv6 is available.
2018-02-06T08:52:29.568175Z 0 [Note]   - '::' resolves to '::';
2018-02-06T08:52:29.568490Z 0 [Note] Server socket created on IP: '::'.
2018-02-06T08:52:29.573293Z 0 [Warning] 'user' entry 'root@localhost' ignored in --skip-name-resolve mode.
2018-02-06T08:52:29.573744Z 0 [Warning] 'user' entry 'mysql.session@localhost' ignored in --skip-name-resolve mode.
2018-02-06T08:52:29.574057Z 0 [Warning] 'user' entry 'mysql.sys@localhost' ignored in --skip-name-resolve mode.
2018-02-06T08:52:29.574397Z 0 [Warning] 'db' entry 'performance_schema mysql.session@localhost' ignored in --skip-name-resolve mode.
2018-02-06T08:52:29.574679Z 0 [Warning] 'db' entry 'sys mysql.sys@localhost' ignored in --skip-name-resolve mode.
2018-02-06T08:52:29.574955Z 0 [Warning] 'proxies_priv' entry '@ root@localhost' ignored in --skip-name-resolve mode.
2018-02-06T08:52:29.577431Z 0 [Warning] 'tables_priv' entry 'user mysql.session@localhost' ignored in --skip-name-resolve mode.
2018-02-06T08:52:29.577819Z 0 [Warning] 'tables_priv' entry 'sys_config mysql.sys@localhost' ignored in --skip-name-resolve mode.
2018-02-06T08:52:29.583635Z 0 [Note] Event Scheduler: Loaded 0 events
2018-02-06T08:52:29.584403Z 0 [Note] mysqld: ready for connections.
Version: '5.7.21'  socket: '/var/run/mysqld/mysqld.sock'  port: 3306  MySQL Community Server (GPL)
2018-02-06T08:53:03.872902Z 0 [Note] mysqld (mysqld 5.7.21) starting as process 1 ...
2018-02-06T08:53:03.879105Z 0 [Note] InnoDB: PUNCH HOLE support available
2018-02-06T08:53:03.879401Z 0 [Note] InnoDB: Mutexes and rw_locks use GCC atomic builtins
2018-02-06T08:53:03.879659Z 0 [Note] InnoDB: Uses event mutexes
2018-02-06T08:53:03.879877Z 0 [Note] InnoDB: GCC builtin __atomic_thread_fence() is used for memory barrier
2018-02-06T08:53:03.880165Z 0 [Note] InnoDB: Compressed tables use zlib 1.2.3
2018-02-06T08:53:03.880438Z 0 [Note] InnoDB: Using Linux native AIO
2018-02-06T08:53:03.880933Z 0 [Note] InnoDB: Number of pools: 1
2018-02-06T08:53:03.881322Z 0 [Note] InnoDB: Using CPU crc32 instructions
2018-02-06T08:53:03.882598Z 0 [Note] InnoDB: Initializing buffer pool, total size = 128M, instances = 1, chunk size = 128M
2018-02-06T08:53:03.887986Z 0 [Note] InnoDB: Completed initialization of buffer pool
2018-02-06T08:53:03.890379Z 0 [Note] InnoDB: If the mysqld execution user is authorized, page cleaner thread priority can be changed. See the man page of setpriority().
2018-02-06T08:53:03.903271Z 0 [Note] InnoDB: Highest supported file format is Barracuda.
2018-02-06T08:53:03.906174Z 0 [Note] InnoDB: Log scan progressed past the checkpoint lsn 12221311
2018-02-06T08:53:03.906977Z 0 [Note] InnoDB: Doing recovery: scanned up to log sequence number 12221320
2018-02-06T08:53:03.907599Z 0 [Note] InnoDB: Database was not shutdown normally!
2018-02-06T08:53:03.908321Z 0 [Note] InnoDB: Starting crash recovery.
2018-02-06T08:53:04.027011Z 0 [Note] InnoDB: Removed temporary tablespace data file: "ibtmp1"
2018-02-06T08:53:04.027445Z 0 [Note] InnoDB: Creating shared tablespace for temporary tables
2018-02-06T08:53:04.028370Z 0 [Note] InnoDB: Setting file './ibtmp1' size to 12 MB. Physically writing the file full; Please wait ...
2018-02-06T08:53:04.057049Z 0 [Note] InnoDB: File './ibtmp1' size is now 12 MB.
2018-02-06T08:53:04.058304Z 0 [Note] InnoDB: 96 redo rollback segment(s) found. 96 redo rollback segment(s) are active.
2018-02-06T08:53:04.058617Z 0 [Note] InnoDB: 32 non-redo rollback segment(s) are active.
2018-02-06T08:53:04.059180Z 0 [Note] InnoDB: Waiting for purge to start
2018-02-06T08:53:04.110001Z 0 [Note] InnoDB: 5.7.21 started; log sequence number 12221320
2018-02-06T08:53:04.112073Z 0 [Note] InnoDB: Loading buffer pool(s) from /var/lib/mysql/ib_buffer_pool
2018-02-06T08:53:04.112226Z 0 [Note] Plugin 'FEDERATED' is disabled.
2018-02-06T08:53:04.116972Z 0 [Note] Found ca.pem, server-cert.pem and server-key.pem in data directory. Trying to enable SSL support using them.
2018-02-06T08:53:04.117790Z 0 [Warning] CA certificate ca.pem is self signed.
2018-02-06T08:53:04.118060Z 0 [Note] InnoDB: Buffer pool(s) load completed at 180206  8:53:04
2018-02-06T08:53:04.119543Z 0 [Note] Server hostname (bind-address): '*'; port: 3306
2018-02-06T08:53:04.119903Z 0 [Note] IPv6 is available.
2018-02-06T08:53:04.120184Z 0 [Note]   - '::' resolves to '::';
2018-02-06T08:53:04.120469Z 0 [Note] Server socket created on IP: '::'.
2018-02-06T08:53:04.124697Z 0 [Warning] 'user' entry 'root@localhost' ignored in --skip-name-resolve mode.
2018-02-06T08:53:04.125138Z 0 [Warning] 'user' entry 'mysql.session@localhost' ignored in --skip-name-resolve mode.
2018-02-06T08:53:04.125465Z 0 [Warning] 'user' entry 'mysql.sys@localhost' ignored in --skip-name-resolve mode.
2018-02-06T08:53:04.125837Z 0 [Warning] 'db' entry 'performance_schema mysql.session@localhost' ignored in --skip-name-resolve mode.
2018-02-06T08:53:04.126192Z 0 [Warning] 'db' entry 'sys mysql.sys@localhost' ignored in --skip-name-resolve mode.
2018-02-06T08:53:04.127021Z 0 [Warning] 'proxies_priv' entry '@ root@localhost' ignored in --skip-name-resolve mode.
2018-02-06T08:53:04.132147Z 0 [Warning] 'tables_priv' entry 'user mysql.session@localhost' ignored in --skip-name-resolve mode.
2018-02-06T08:53:04.132618Z 0 [Warning] 'tables_priv' entry 'sys_config mysql.sys@localhost' ignored in --skip-name-resolve mode.
2018-02-06T08:53:04.140123Z 0 [Note] Event Scheduler: Loaded 0 events
2018-02-06T08:53:04.140897Z 0 [Note] mysqld: ready for connections.
Version: '5.7.21'  socket: '/var/run/mysqld/mysqld.sock'  port: 3306  MySQL Community Server (GPL)
2018-02-06T08:54:38.638637Z 0 [Warning] InnoDB: New log files created, LSN=45790
2018-02-06T08:54:38.714707Z 0 [Warning] InnoDB: Creating foreign key constraint system tables.
2018-02-06T08:54:38.774266Z 0 [Warning] No existing UUID has been found, so we assume that this is the first time that this server has been started. Generating a new UUID: 5d09bf49-0b1b-11e8-bfe3-0242ac130002.
2018-02-06T08:54:38.777614Z 0 [Warning] Gtid table is not ready to be used. Table 'mysql.gtid_executed' cannot be opened.
2018-02-06T08:54:38.778743Z 1 [Warning] root@localhost is created with an empty password ! Please consider switching off the --initialize-insecure option.
2018-02-06T08:54:39.392876Z 1 [Warning] 'user' entry 'root@localhost' ignored in --skip-name-resolve mode.
2018-02-06T08:54:39.393318Z 1 [Warning] 'user' entry 'mysql.session@localhost' ignored in --skip-name-resolve mode.
2018-02-06T08:54:39.393613Z 1 [Warning] 'user' entry 'mysql.sys@localhost' ignored in --skip-name-resolve mode.
2018-02-06T08:54:39.393925Z 1 [Warning] 'db' entry 'performance_schema mysql.session@localhost' ignored in --skip-name-resolve mode.
2018-02-06T08:54:39.394193Z 1 [Warning] 'db' entry 'sys mysql.sys@localhost' ignored in --skip-name-resolve mode.
2018-02-06T08:54:39.394505Z 1 [Warning] 'proxies_priv' entry '@ root@localhost' ignored in --skip-name-resolve mode.
2018-02-06T08:54:39.394801Z 1 [Warning] 'tables_priv' entry 'user mysql.session@localhost' ignored in --skip-name-resolve mode.
2018-02-06T08:54:39.395034Z 1 [Warning] 'tables_priv' entry 'sys_config mysql.sys@localhost' ignored in --skip-name-resolve mode.
2018-02-06T08:54:42.347961Z 0 [Note] mysqld (mysqld 5.7.21) starting as process 88 ...
2018-02-06T08:54:42.354442Z 0 [Note] InnoDB: PUNCH HOLE support available
2018-02-06T08:54:42.354893Z 0 [Note] InnoDB: Mutexes and rw_locks use GCC atomic builtins
2018-02-06T08:54:42.355308Z 0 [Note] InnoDB: Uses event mutexes
2018-02-06T08:54:42.355533Z 0 [Note] InnoDB: GCC builtin __atomic_thread_fence() is used for memory barrier
2018-02-06T08:54:42.355880Z 0 [Note] InnoDB: Compressed tables use zlib 1.2.3
2018-02-06T08:54:42.356430Z 0 [Note] InnoDB: Using Linux native AIO
2018-02-06T08:54:42.356932Z 0 [Note] InnoDB: Number of pools: 1
2018-02-06T08:54:42.357340Z 0 [Note] InnoDB: Using CPU crc32 instructions
2018-02-06T08:54:42.358535Z 0 [Note] InnoDB: Initializing buffer pool, total size = 128M, instances = 1, chunk size = 128M
2018-02-06T08:54:42.363636Z 0 [Note] InnoDB: Completed initialization of buffer pool
2018-02-06T08:54:42.365559Z 0 [Note] InnoDB: If the mysqld execution user is authorized, page cleaner thread priority can be changed. See the man page of setpriority().
2018-02-06T08:54:42.379748Z 0 [Note] InnoDB: Highest supported file format is Barracuda.
2018-02-06T08:54:42.394948Z 0 [Note] InnoDB: Creating shared tablespace for temporary tables
2018-02-06T08:54:42.395426Z 0 [Note] InnoDB: Setting file './ibtmp1' size to 12 MB. Physically writing the file full; Please wait ...
2018-02-06T08:54:42.429706Z 0 [Note] InnoDB: File './ibtmp1' size is now 12 MB.
2018-02-06T08:54:42.431090Z 0 [Note] InnoDB: 96 redo rollback segment(s) found. 96 redo rollback segment(s) are active.
2018-02-06T08:54:42.431465Z 0 [Note] InnoDB: 32 non-redo rollback segment(s) are active.
2018-02-06T08:54:42.432267Z 0 [Note] InnoDB: Waiting for purge to start
2018-02-06T08:54:42.483744Z 0 [Note] InnoDB: 5.7.21 started; log sequence number 2551166
2018-02-06T08:54:42.485186Z 0 [Note] InnoDB: Loading buffer pool(s) from /var/lib/mysql/ib_buffer_pool
2018-02-06T08:54:42.485562Z 0 [Note] Plugin 'FEDERATED' is disabled.
2018-02-06T08:54:42.488624Z 0 [Note] InnoDB: Buffer pool(s) load completed at 180206  8:54:42
2018-02-06T08:54:42.494003Z 0 [Note] Found ca.pem, server-cert.pem and server-key.pem in data directory. Trying to enable SSL support using them.
2018-02-06T08:54:42.494920Z 0 [Warning] CA certificate ca.pem is self signed.
2018-02-06T08:54:42.500680Z 0 [Warning] 'user' entry 'root@localhost' ignored in --skip-name-resolve mode.
2018-02-06T08:54:42.501279Z 0 [Warning] 'user' entry 'mysql.session@localhost' ignored in --skip-name-resolve mode.
2018-02-06T08:54:42.501731Z 0 [Warning] 'user' entry 'mysql.sys@localhost' ignored in --skip-name-resolve mode.
2018-02-06T08:54:42.502115Z 0 [Warning] 'db' entry 'performance_schema mysql.session@localhost' ignored in --skip-name-resolve mode.
2018-02-06T08:54:42.502522Z 0 [Warning] 'db' entry 'sys mysql.sys@localhost' ignored in --skip-name-resolve mode.
2018-02-06T08:54:42.502947Z 0 [Warning] 'proxies_priv' entry '@ root@localhost' ignored in --skip-name-resolve mode.
2018-02-06T08:54:42.504810Z 0 [Warning] 'tables_priv' entry 'user mysql.session@localhost' ignored in --skip-name-resolve mode.
2018-02-06T08:54:42.505247Z 0 [Warning] 'tables_priv' entry 'sys_config mysql.sys@localhost' ignored in --skip-name-resolve mode.
2018-02-06T08:54:42.511450Z 0 [Note] Event Scheduler: Loaded 0 events
2018-02-06T08:54:42.512409Z 0 [Note] mysqld: ready for connections.
Version: '5.7.21'  socket: '/var/run/mysqld/mysqld.sock'  port: 0  MySQL Community Server (GPL)
2018-02-06T08:54:45.456510Z 4 [Warning] 'user' entry 'root@localhost' ignored in --skip-name-resolve mode.
2018-02-06T08:54:45.456894Z 4 [Warning] 'user' entry 'mysql.session@localhost' ignored in --skip-name-resolve mode.
2018-02-06T08:54:45.457300Z 4 [Warning] 'user' entry 'mysql.sys@localhost' ignored in --skip-name-resolve mode.
2018-02-06T08:54:45.457652Z 4 [Warning] 'db' entry 'performance_schema mysql.session@localhost' ignored in --skip-name-resolve mode.
2018-02-06T08:54:45.457921Z 4 [Warning] 'db' entry 'sys mysql.sys@localhost' ignored in --skip-name-resolve mode.
2018-02-06T08:54:45.458219Z 4 [Warning] 'proxies_priv' entry '@ root@localhost' ignored in --skip-name-resolve mode.
2018-02-06T08:54:45.458681Z 4 [Warning] 'tables_priv' entry 'user mysql.session@localhost' ignored in --skip-name-resolve mode.
2018-02-06T08:54:45.458972Z 4 [Warning] 'tables_priv' entry 'sys_config mysql.sys@localhost' ignored in --skip-name-resolve mode.
2018-02-06T08:54:45.713058Z 0 [Note] Giving 0 client threads a chance to die gracefully
2018-02-06T08:54:45.713436Z 0 [Note] Shutting down slave threads
2018-02-06T08:54:45.713797Z 0 [Note] Forcefully disconnecting 0 remaining clients
2018-02-06T08:54:45.714148Z 0 [Note] Event Scheduler: Purging the queue. 0 events
2018-02-06T08:54:45.714496Z 0 [Note] Binlog end
2018-02-06T08:54:45.715398Z 0 [Note] Shutting down plugin 'ngram'
2018-02-06T08:54:45.715743Z 0 [Note] Shutting down plugin 'BLACKHOLE'
2018-02-06T08:54:45.716329Z 0 [Note] Shutting down plugin 'partition'
2018-02-06T08:54:45.716925Z 0 [Note] Shutting down plugin 'ARCHIVE'
2018-02-06T08:54:45.717548Z 0 [Note] Shutting down plugin 'MEMORY'
2018-02-06T08:54:45.718182Z 0 [Note] Shutting down plugin 'INNODB_SYS_VIRTUAL'
2018-02-06T08:54:45.718905Z 0 [Note] Shutting down plugin 'INNODB_SYS_DATAFILES'
2018-02-06T08:54:45.719239Z 0 [Note] Shutting down plugin 'INNODB_SYS_TABLESPACES'
2018-02-06T08:54:45.719523Z 0 [Note] Shutting down plugin 'INNODB_SYS_FOREIGN_COLS'
2018-02-06T08:54:45.719809Z 0 [Note] Shutting down plugin 'INNODB_SYS_FOREIGN'
2018-02-06T08:54:45.720108Z 0 [Note] Shutting down plugin 'INNODB_SYS_FIELDS'
2018-02-06T08:54:45.720355Z 0 [Note] Shutting down plugin 'INNODB_SYS_COLUMNS'
2018-02-06T08:54:45.720708Z 0 [Note] Shutting down plugin 'INNODB_SYS_INDEXES'
2018-02-06T08:54:45.721087Z 0 [Note] Shutting down plugin 'INNODB_SYS_TABLESTATS'
2018-02-06T08:54:45.721387Z 0 [Note] Shutting down plugin 'INNODB_SYS_TABLES'
2018-02-06T08:54:45.721664Z 0 [Note] Shutting down plugin 'INNODB_FT_INDEX_TABLE'
2018-02-06T08:54:45.722029Z 0 [Note] Shutting down plugin 'INNODB_FT_INDEX_CACHE'
2018-02-06T08:54:45.722421Z 0 [Note] Shutting down plugin 'INNODB_FT_CONFIG'
2018-02-06T08:54:45.722720Z 0 [Note] Shutting down plugin 'INNODB_FT_BEING_DELETED'
2018-02-06T08:54:45.722974Z 0 [Note] Shutting down plugin 'INNODB_FT_DELETED'
2018-02-06T08:54:45.723215Z 0 [Note] Shutting down plugin 'INNODB_FT_DEFAULT_STOPWORD'
2018-02-06T08:54:45.723495Z 0 [Note] Shutting down plugin 'INNODB_METRICS'
2018-02-06T08:54:45.723809Z 0 [Note] Shutting down plugin 'INNODB_TEMP_TABLE_INFO'
2018-02-06T08:54:45.724109Z 0 [Note] Shutting down plugin 'INNODB_BUFFER_POOL_STATS'
2018-02-06T08:54:45.724333Z 0 [Note] Shutting down plugin 'INNODB_BUFFER_PAGE_LRU'
2018-02-06T08:54:45.724694Z 0 [Note] Shutting down plugin 'INNODB_BUFFER_PAGE'
2018-02-06T08:54:45.724930Z 0 [Note] Shutting down plugin 'INNODB_CMP_PER_INDEX_RESET'
2018-02-06T08:54:45.725178Z 0 [Note] Shutting down plugin 'INNODB_CMP_PER_INDEX'
2018-02-06T08:54:45.725399Z 0 [Note] Shutting down plugin 'INNODB_CMPMEM_RESET'
2018-02-06T08:54:45.725634Z 0 [Note] Shutting down plugin 'INNODB_CMPMEM'
2018-02-06T08:54:45.725853Z 0 [Note] Shutting down plugin 'INNODB_CMP_RESET'
2018-02-06T08:54:45.726090Z 0 [Note] Shutting down plugin 'INNODB_CMP'
2018-02-06T08:54:45.726307Z 0 [Note] Shutting down plugin 'INNODB_LOCK_WAITS'
2018-02-06T08:54:45.726623Z 0 [Note] Shutting down plugin 'INNODB_LOCKS'
2018-02-06T08:54:45.726862Z 0 [Note] Shutting down plugin 'INNODB_TRX'
2018-02-06T08:54:45.727079Z 0 [Note] Shutting down plugin 'InnoDB'
2018-02-06T08:54:45.727403Z 0 [Note] InnoDB: FTS optimize thread exiting.
2018-02-06T08:54:45.727790Z 0 [Note] InnoDB: Starting shutdown...
2018-02-06T08:54:45.829109Z 0 [Note] InnoDB: Dumping buffer pool(s) to /var/lib/mysql/ib_buffer_pool
2018-02-06T08:54:45.830455Z 0 [Note] InnoDB: Buffer pool(s) dump completed at 180206  8:54:45
2018-02-06T08:54:47.493178Z 0 [Note] InnoDB: Shutdown completed; log sequence number 12225740
2018-02-06T08:54:47.496667Z 0 [Note] InnoDB: Removed temporary tablespace data file: "ibtmp1"
2018-02-06T08:54:47.497235Z 0 [Note] Shutting down plugin 'MyISAM'
2018-02-06T08:54:47.497620Z 0 [Note] Shutting down plugin 'MRG_MYISAM'
2018-02-06T08:54:47.497976Z 0 [Note] Shutting down plugin 'CSV'
2018-02-06T08:54:47.498296Z 0 [Note] Shutting down plugin 'PERFORMANCE_SCHEMA'
2018-02-06T08:54:47.498703Z 0 [Note] Shutting down plugin 'sha256_password'
2018-02-06T08:54:47.499021Z 0 [Note] Shutting down plugin 'mysql_native_password'
2018-02-06T08:54:47.499518Z 0 [Note] Shutting down plugin 'binlog'
2018-02-06T08:54:47.502813Z 0 [Note] mysqld: Shutdown complete

2018-02-06T08:54:47.809614Z 0 [Note] mysqld (mysqld 5.7.21) starting as process 1 ...
2018-02-06T08:54:47.816728Z 0 [Note] InnoDB: PUNCH HOLE support available
2018-02-06T08:54:47.817076Z 0 [Note] InnoDB: Mutexes and rw_locks use GCC atomic builtins
2018-02-06T08:54:47.817417Z 0 [Note] InnoDB: Uses event mutexes
2018-02-06T08:54:47.817670Z 0 [Note] InnoDB: GCC builtin __atomic_thread_fence() is used for memory barrier
2018-02-06T08:54:47.817956Z 0 [Note] InnoDB: Compressed tables use zlib 1.2.3
2018-02-06T08:54:47.818221Z 0 [Note] InnoDB: Using Linux native AIO
2018-02-06T08:54:47.818702Z 0 [Note] InnoDB: Number of pools: 1
2018-02-06T08:54:47.819097Z 0 [Note] InnoDB: Using CPU crc32 instructions
2018-02-06T08:54:47.820361Z 0 [Note] InnoDB: Initializing buffer pool, total size = 128M, instances = 1, chunk size = 128M
2018-02-06T08:54:47.826159Z 0 [Note] InnoDB: Completed initialization of buffer pool
2018-02-06T08:54:47.828224Z 0 [Note] InnoDB: If the mysqld execution user is authorized, page cleaner thread priority can be changed. See the man page of setpriority().
2018-02-06T08:54:47.843860Z 0 [Note] InnoDB: Highest supported file format is Barracuda.
2018-02-06T08:54:47.856454Z 0 [Note] InnoDB: Creating shared tablespace for temporary tables
2018-02-06T08:54:47.856958Z 0 [Note] InnoDB: Setting file './ibtmp1' size to 12 MB. Physically writing the file full; Please wait ...
2018-02-06T08:54:47.904466Z 0 [Note] InnoDB: File './ibtmp1' size is now 12 MB.
2018-02-06T08:54:47.905591Z 0 [Note] InnoDB: 96 redo rollback segment(s) found. 96 redo rollback segment(s) are active.
2018-02-06T08:54:47.905931Z 0 [Note] InnoDB: 32 non-redo rollback segment(s) are active.
2018-02-06T08:54:47.906482Z 0 [Note] InnoDB: Waiting for purge to start
2018-02-06T08:54:47.959189Z 0 [Note] InnoDB: 5.7.21 started; log sequence number 12225740
2018-02-06T08:54:47.960880Z 0 [Note] Plugin 'FEDERATED' is disabled.
2018-02-06T08:54:47.960938Z 0 [Note] InnoDB: Loading buffer pool(s) from /var/lib/mysql/ib_buffer_pool
2018-02-06T08:54:47.967394Z 0 [Note] InnoDB: Buffer pool(s) load completed at 180206  8:54:47
2018-02-06T08:54:47.968468Z 0 [Note] Found ca.pem, server-cert.pem and server-key.pem in data directory. Trying to enable SSL support using them.
2018-02-06T08:54:47.969236Z 0 [Warning] CA certificate ca.pem is self signed.
2018-02-06T08:54:47.970820Z 0 [Note] Server hostname (bind-address): '*'; port: 3306
2018-02-06T08:54:47.971187Z 0 [Note] IPv6 is available.
2018-02-06T08:54:47.971608Z 0 [Note]   - '::' resolves to '::';
2018-02-06T08:54:47.971975Z 0 [Note] Server socket created on IP: '::'.
2018-02-06T08:54:47.975569Z 0 [Warning] 'user' entry 'root@localhost' ignored in --skip-name-resolve mode.
2018-02-06T08:54:47.975965Z 0 [Warning] 'user' entry 'mysql.session@localhost' ignored in --skip-name-resolve mode.
2018-02-06T08:54:47.976252Z 0 [Warning] 'user' entry 'mysql.sys@localhost' ignored in --skip-name-resolve mode.
2018-02-06T08:54:47.976539Z 0 [Warning] 'db' entry 'performance_schema mysql.session@localhost' ignored in --skip-name-resolve mode.
2018-02-06T08:54:47.976840Z 0 [Warning] 'db' entry 'sys mysql.sys@localhost' ignored in --skip-name-resolve mode.
2018-02-06T08:54:47.977141Z 0 [Warning] 'proxies_priv' entry '@ root@localhost' ignored in --skip-name-resolve mode.
2018-02-06T08:54:47.979078Z 0 [Warning] 'tables_priv' entry 'user mysql.session@localhost' ignored in --skip-name-resolve mode.
2018-02-06T08:54:47.979408Z 0 [Warning] 'tables_priv' entry 'sys_config mysql.sys@localhost' ignored in --skip-name-resolve mode.
2018-02-06T08:54:47.984031Z 0 [Note] Event Scheduler: Loaded 0 events
2018-02-06T08:54:47.984727Z 0 [Note] mysqld: ready for connections.
Version: '5.7.21'  socket: '/var/run/mysqld/mysqld.sock'  port: 3306  MySQL Community Server (GPL)
2018-02-06T08:55:42.009160Z 0 [Warning] InnoDB: New log files created, LSN=45790
2018-02-06T08:55:42.086863Z 0 [Warning] InnoDB: Creating foreign key constraint system tables.
2018-02-06T08:55:42.095384Z 0 [Warning] No existing UUID has been found, so we assume that this is the first time that this server has been started. Generating a new UUID: 82c7c876-0b1b-11e8-b241-0242ac130002.
2018-02-06T08:55:42.097812Z 0 [Warning] Gtid table is not ready to be used. Table 'mysql.gtid_executed' cannot be opened.
2018-02-06T08:55:42.098742Z 1 [Warning] root@localhost is created with an empty password ! Please consider switching off the --initialize-insecure option.
2018-02-06T08:55:42.710082Z 1 [Warning] 'user' entry 'root@localhost' ignored in --skip-name-resolve mode.
2018-02-06T08:55:42.710502Z 1 [Warning] 'user' entry 'mysql.session@localhost' ignored in --skip-name-resolve mode.
2018-02-06T08:55:42.710844Z 1 [Warning] 'user' entry 'mysql.sys@localhost' ignored in --skip-name-resolve mode.
2018-02-06T08:55:42.711238Z 1 [Warning] 'db' entry 'performance_schema mysql.session@localhost' ignored in --skip-name-resolve mode.
2018-02-06T08:55:42.711548Z 1 [Warning] 'db' entry 'sys mysql.sys@localhost' ignored in --skip-name-resolve mode.
2018-02-06T08:55:42.711878Z 1 [Warning] 'proxies_priv' entry '@ root@localhost' ignored in --skip-name-resolve mode.
2018-02-06T08:55:42.712273Z 1 [Warning] 'tables_priv' entry 'user mysql.session@localhost' ignored in --skip-name-resolve mode.
2018-02-06T08:55:42.712707Z 1 [Warning] 'tables_priv' entry 'sys_config mysql.sys@localhost' ignored in --skip-name-resolve mode.
2018-02-06T08:55:45.608451Z 0 [Note] mysqld (mysqld 5.7.21) starting as process 90 ...
2018-02-06T08:55:45.614367Z 0 [Note] InnoDB: PUNCH HOLE support available
2018-02-06T08:55:45.614732Z 0 [Note] InnoDB: Mutexes and rw_locks use GCC atomic builtins
2018-02-06T08:55:45.615040Z 0 [Note] InnoDB: Uses event mutexes
2018-02-06T08:55:45.615326Z 0 [Note] InnoDB: GCC builtin __atomic_thread_fence() is used for memory barrier
2018-02-06T08:55:45.615612Z 0 [Note] InnoDB: Compressed tables use zlib 1.2.3
2018-02-06T08:55:45.615928Z 0 [Note] InnoDB: Using Linux native AIO
2018-02-06T08:55:45.616365Z 0 [Note] InnoDB: Number of pools: 1
2018-02-06T08:55:45.616686Z 0 [Note] InnoDB: Using CPU crc32 instructions
2018-02-06T08:55:45.617891Z 0 [Note] InnoDB: Initializing buffer pool, total size = 128M, instances = 1, chunk size = 128M
2018-02-06T08:55:45.623280Z 0 [Note] InnoDB: Completed initialization of buffer pool
2018-02-06T08:55:45.624922Z 0 [Note] InnoDB: If the mysqld execution user is authorized, page cleaner thread priority can be changed. See the man page of setpriority().
2018-02-06T08:55:45.638943Z 0 [Note] InnoDB: Highest supported file format is Barracuda.
2018-02-06T08:55:45.655233Z 0 [Note] InnoDB: Creating shared tablespace for temporary tables
2018-02-06T08:55:45.655728Z 0 [Note] InnoDB: Setting file './ibtmp1' size to 12 MB. Physically writing the file full; Please wait ...
2018-02-06T08:55:45.686538Z 0 [Note] InnoDB: File './ibtmp1' size is now 12 MB.
2018-02-06T08:55:45.687658Z 0 [Note] InnoDB: 96 redo rollback segment(s) found. 96 redo rollback segment(s) are active.
2018-02-06T08:55:45.687962Z 0 [Note] InnoDB: 32 non-redo rollback segment(s) are active.
2018-02-06T08:55:45.688985Z 0 [Note] InnoDB: 5.7.21 started; log sequence number 2551166
2018-02-06T08:55:45.689470Z 0 [Note] InnoDB: Loading buffer pool(s) from /var/lib/mysql/ib_buffer_pool
2018-02-06T08:55:45.689915Z 0 [Note] Plugin 'FEDERATED' is disabled.
2018-02-06T08:55:45.691067Z 0 [Note] InnoDB: Buffer pool(s) load completed at 180206  8:55:45
2018-02-06T08:55:45.693437Z 0 [Note] Found ca.pem, server-cert.pem and server-key.pem in data directory. Trying to enable SSL support using them.
2018-02-06T08:55:45.693918Z 0 [Warning] CA certificate ca.pem is self signed.
2018-02-06T08:55:45.698361Z 0 [Warning] 'user' entry 'root@localhost' ignored in --skip-name-resolve mode.
2018-02-06T08:55:45.698771Z 0 [Warning] 'user' entry 'mysql.session@localhost' ignored in --skip-name-resolve mode.
2018-02-06T08:55:45.699059Z 0 [Warning] 'user' entry 'mysql.sys@localhost' ignored in --skip-name-resolve mode.
2018-02-06T08:55:45.699357Z 0 [Warning] 'db' entry 'performance_schema mysql.session@localhost' ignored in --skip-name-resolve mode.
2018-02-06T08:55:45.699641Z 0 [Warning] 'db' entry 'sys mysql.sys@localhost' ignored in --skip-name-resolve mode.
2018-02-06T08:55:45.699891Z 0 [Warning] 'proxies_priv' entry '@ root@localhost' ignored in --skip-name-resolve mode.
2018-02-06T08:55:45.701216Z 0 [Warning] 'tables_priv' entry 'user mysql.session@localhost' ignored in --skip-name-resolve mode.
2018-02-06T08:55:45.701577Z 0 [Warning] 'tables_priv' entry 'sys_config mysql.sys@localhost' ignored in --skip-name-resolve mode.
2018-02-06T08:55:45.706616Z 0 [Note] Event Scheduler: Loaded 0 events
2018-02-06T08:55:45.707367Z 0 [Note] mysqld: ready for connections.
Version: '5.7.21'  socket: '/var/run/mysqld/mysqld.sock'  port: 0  MySQL Community Server (GPL)
2018-02-06T08:55:48.690615Z 4 [Warning] 'user' entry 'root@localhost' ignored in --skip-name-resolve mode.
2018-02-06T08:55:48.690944Z 4 [Warning] 'user' entry 'mysql.session@localhost' ignored in --skip-name-resolve mode.
2018-02-06T08:55:48.691232Z 4 [Warning] 'user' entry 'mysql.sys@localhost' ignored in --skip-name-resolve mode.
2018-02-06T08:55:48.691512Z 4 [Warning] 'db' entry 'performance_schema mysql.session@localhost' ignored in --skip-name-resolve mode.
2018-02-06T08:55:48.691817Z 4 [Warning] 'db' entry 'sys mysql.sys@localhost' ignored in --skip-name-resolve mode.
2018-02-06T08:55:48.692109Z 4 [Warning] 'proxies_priv' entry '@ root@localhost' ignored in --skip-name-resolve mode.
2018-02-06T08:55:48.692467Z 4 [Warning] 'tables_priv' entry 'user mysql.session@localhost' ignored in --skip-name-resolve mode.
2018-02-06T08:55:48.692728Z 4 [Warning] 'tables_priv' entry 'sys_config mysql.sys@localhost' ignored in --skip-name-resolve mode.
2018-02-06T08:55:48.958971Z 0 [Note] Giving 0 client threads a chance to die gracefully
2018-02-06T08:55:48.959281Z 0 [Note] Shutting down slave threads
2018-02-06T08:55:48.959510Z 0 [Note] Forcefully disconnecting 0 remaining clients
2018-02-06T08:55:48.959758Z 0 [Note] Event Scheduler: Purging the queue. 0 events
2018-02-06T08:55:48.960063Z 0 [Note] Binlog end
2018-02-06T08:55:48.960681Z 0 [Note] Shutting down plugin 'ngram'
2018-02-06T08:55:48.960925Z 0 [Note] Shutting down plugin 'BLACKHOLE'
2018-02-06T08:55:48.961171Z 0 [Note] Shutting down plugin 'partition'
2018-02-06T08:55:48.961397Z 0 [Note] Shutting down plugin 'ARCHIVE'
2018-02-06T08:55:48.961620Z 0 [Note] Shutting down plugin 'MEMORY'
2018-02-06T08:55:48.963091Z 0 [Note] Shutting down plugin 'INNODB_SYS_VIRTUAL'
2018-02-06T08:55:48.963471Z 0 [Note] Shutting down plugin 'INNODB_SYS_DATAFILES'
2018-02-06T08:55:48.963840Z 0 [Note] Shutting down plugin 'INNODB_SYS_TABLESPACES'
2018-02-06T08:55:48.964188Z 0 [Note] Shutting down plugin 'INNODB_SYS_FOREIGN_COLS'
2018-02-06T08:55:48.964443Z 0 [Note] Shutting down plugin 'INNODB_SYS_FOREIGN'
2018-02-06T08:55:48.964810Z 0 [Note] Shutting down plugin 'INNODB_SYS_FIELDS'
2018-02-06T08:55:48.965187Z 0 [Note] Shutting down plugin 'INNODB_SYS_COLUMNS'
2018-02-06T08:55:48.965545Z 0 [Note] Shutting down plugin 'INNODB_SYS_INDEXES'
2018-02-06T08:55:48.965866Z 0 [Note] Shutting down plugin 'INNODB_SYS_TABLESTATS'
2018-02-06T08:55:48.966111Z 0 [Note] Shutting down plugin 'INNODB_SYS_TABLES'
2018-02-06T08:55:48.966368Z 0 [Note] Shutting down plugin 'INNODB_FT_INDEX_TABLE'
2018-02-06T08:55:48.966580Z 0 [Note] Shutting down plugin 'INNODB_FT_INDEX_CACHE'
2018-02-06T08:55:48.966797Z 0 [Note] Shutting down plugin 'INNODB_FT_CONFIG'
2018-02-06T08:55:48.967026Z 0 [Note] Shutting down plugin 'INNODB_FT_BEING_DELETED'
2018-02-06T08:55:48.967245Z 0 [Note] Shutting down plugin 'INNODB_FT_DELETED'
2018-02-06T08:55:48.967460Z 0 [Note] Shutting down plugin 'INNODB_FT_DEFAULT_STOPWORD'
2018-02-06T08:55:48.967661Z 0 [Note] Shutting down plugin 'INNODB_METRICS'
2018-02-06T08:55:48.968132Z 0 [Note] Shutting down plugin 'INNODB_TEMP_TABLE_INFO'
2018-02-06T08:55:48.968363Z 0 [Note] Shutting down plugin 'INNODB_BUFFER_POOL_STATS'
2018-02-06T08:55:48.968622Z 0 [Note] Shutting down plugin 'INNODB_BUFFER_PAGE_LRU'
2018-02-06T08:55:48.968861Z 0 [Note] Shutting down plugin 'INNODB_BUFFER_PAGE'
2018-02-06T08:55:48.969082Z 0 [Note] Shutting down plugin 'INNODB_CMP_PER_INDEX_RESET'
2018-02-06T08:55:48.969316Z 0 [Note] Shutting down plugin 'INNODB_CMP_PER_INDEX'
2018-02-06T08:55:48.969520Z 0 [Note] Shutting down plugin 'INNODB_CMPMEM_RESET'
2018-02-06T08:55:48.969736Z 0 [Note] Shutting down plugin 'INNODB_CMPMEM'
2018-02-06T08:55:48.969954Z 0 [Note] Shutting down plugin 'INNODB_CMP_RESET'
2018-02-06T08:55:48.970185Z 0 [Note] Shutting down plugin 'INNODB_CMP'
2018-02-06T08:55:48.970410Z 0 [Note] Shutting down plugin 'INNODB_LOCK_WAITS'
2018-02-06T08:55:48.970626Z 0 [Note] Shutting down plugin 'INNODB_LOCKS'
2018-02-06T08:55:48.970853Z 0 [Note] Shutting down plugin 'INNODB_TRX'
2018-02-06T08:55:48.971084Z 0 [Note] Shutting down plugin 'InnoDB'
2018-02-06T08:55:48.971392Z 0 [Note] InnoDB: FTS optimize thread exiting.
2018-02-06T08:55:48.971736Z 0 [Note] InnoDB: Starting shutdown...
2018-02-06T08:55:49.073263Z 0 [Note] InnoDB: Dumping buffer pool(s) to /var/lib/mysql/ib_buffer_pool
2018-02-06T08:55:49.074496Z 0 [Note] InnoDB: Buffer pool(s) dump completed at 180206  8:55:49
2018-02-06T08:55:50.729962Z 0 [Note] InnoDB: Shutdown completed; log sequence number 12221142
2018-02-06T08:55:50.733495Z 0 [Note] InnoDB: Removed temporary tablespace data file: "ibtmp1"
2018-02-06T08:55:50.734094Z 0 [Note] Shutting down plugin 'MyISAM'
2018-02-06T08:55:50.734517Z 0 [Note] Shutting down plugin 'MRG_MYISAM'
2018-02-06T08:55:50.734838Z 0 [Note] Shutting down plugin 'CSV'
2018-02-06T08:55:50.735147Z 0 [Note] Shutting down plugin 'PERFORMANCE_SCHEMA'
2018-02-06T08:55:50.735490Z 0 [Note] Shutting down plugin 'sha256_password'
2018-02-06T08:55:50.735795Z 0 [Note] Shutting down plugin 'mysql_native_password'
2018-02-06T08:55:50.736191Z 0 [Note] Shutting down plugin 'binlog'
2018-02-06T08:55:50.739610Z 0 [Note] mysqld: Shutdown complete

2018-02-06T08:55:51.085892Z 0 [Note] mysqld (mysqld 5.7.21) starting as process 1 ...
2018-02-06T08:55:51.092476Z 0 [Note] InnoDB: PUNCH HOLE support available
2018-02-06T08:55:51.092900Z 0 [Note] InnoDB: Mutexes and rw_locks use GCC atomic builtins
2018-02-06T08:55:51.093299Z 0 [Note] InnoDB: Uses event mutexes
2018-02-06T08:55:51.093651Z 0 [Note] InnoDB: GCC builtin __atomic_thread_fence() is used for memory barrier
2018-02-06T08:55:51.093939Z 0 [Note] InnoDB: Compressed tables use zlib 1.2.3
2018-02-06T08:55:51.094171Z 0 [Note] InnoDB: Using Linux native AIO
2018-02-06T08:55:51.094618Z 0 [Note] InnoDB: Number of pools: 1
2018-02-06T08:55:51.094938Z 0 [Note] InnoDB: Using CPU crc32 instructions
2018-02-06T08:55:51.096237Z 0 [Note] InnoDB: Initializing buffer pool, total size = 128M, instances = 1, chunk size = 128M
2018-02-06T08:55:51.101827Z 0 [Note] InnoDB: Completed initialization of buffer pool
2018-02-06T08:55:51.103809Z 0 [Note] InnoDB: If the mysqld execution user is authorized, page cleaner thread priority can be changed. See the man page of setpriority().
2018-02-06T08:55:51.117845Z 0 [Note] InnoDB: Highest supported file format is Barracuda.
2018-02-06T08:55:51.135899Z 0 [Note] InnoDB: Creating shared tablespace for temporary tables
2018-02-06T08:55:51.136431Z 0 [Note] InnoDB: Setting file './ibtmp1' size to 12 MB. Physically writing the file full; Please wait ...
2018-02-06T08:55:51.181410Z 0 [Note] InnoDB: File './ibtmp1' size is now 12 MB.
2018-02-06T08:55:51.182730Z 0 [Note] InnoDB: 96 redo rollback segment(s) found. 96 redo rollback segment(s) are active.
2018-02-06T08:55:51.183122Z 0 [Note] InnoDB: 32 non-redo rollback segment(s) are active.
2018-02-06T08:55:51.184026Z 0 [Note] InnoDB: Waiting for purge to start
2018-02-06T08:55:51.235969Z 0 [Note] InnoDB: 5.7.21 started; log sequence number 12221142
2018-02-06T08:55:51.237452Z 0 [Note] InnoDB: Loading buffer pool(s) from /var/lib/mysql/ib_buffer_pool
2018-02-06T08:55:51.237606Z 0 [Note] Plugin 'FEDERATED' is disabled.
2018-02-06T08:55:51.243172Z 0 [Note] InnoDB: Buffer pool(s) load completed at 180206  8:55:51
2018-02-06T08:55:51.244637Z 0 [Note] Found ca.pem, server-cert.pem and server-key.pem in data directory. Trying to enable SSL support using them.
2018-02-06T08:55:51.245361Z 0 [Warning] CA certificate ca.pem is self signed.
2018-02-06T08:55:51.247005Z 0 [Note] Server hostname (bind-address): '*'; port: 3306
2018-02-06T08:55:51.247403Z 0 [Note] IPv6 is available.
2018-02-06T08:55:51.247851Z 0 [Note]   - '::' resolves to '::';
2018-02-06T08:55:51.248297Z 0 [Note] Server socket created on IP: '::'.
2018-02-06T08:55:51.252391Z 0 [Warning] 'user' entry 'root@localhost' ignored in --skip-name-resolve mode.
2018-02-06T08:55:51.253002Z 0 [Warning] 'user' entry 'mysql.session@localhost' ignored in --skip-name-resolve mode.
2018-02-06T08:55:51.253348Z 0 [Warning] 'user' entry 'mysql.sys@localhost' ignored in --skip-name-resolve mode.
2018-02-06T08:55:51.253735Z 0 [Warning] 'db' entry 'performance_schema mysql.session@localhost' ignored in --skip-name-resolve mode.
2018-02-06T08:55:51.254121Z 0 [Warning] 'db' entry 'sys mysql.sys@localhost' ignored in --skip-name-resolve mode.
2018-02-06T08:55:51.254456Z 0 [Warning] 'proxies_priv' entry '@ root@localhost' ignored in --skip-name-resolve mode.
2018-02-06T08:55:51.256773Z 0 [Warning] 'tables_priv' entry 'user mysql.session@localhost' ignored in --skip-name-resolve mode.
2018-02-06T08:55:51.257150Z 0 [Warning] 'tables_priv' entry 'sys_config mysql.sys@localhost' ignored in --skip-name-resolve mode.
2018-02-06T08:55:51.262945Z 0 [Note] Event Scheduler: Loaded 0 events
2018-02-06T08:55:51.263902Z 0 [Note] mysqld: ready for connections.
Version: '5.7.21'  socket: '/var/run/mysqld/mysqld.sock'  port: 3306  MySQL Community Server (GPL)
2018-02-06T08:56:00.587755Z 0 [Note] mysqld (mysqld 5.7.21) starting as process 1 ...
2018-02-06T08:56:00.594661Z 0 [Note] InnoDB: PUNCH HOLE support available
2018-02-06T08:56:00.595065Z 0 [Note] InnoDB: Mutexes and rw_locks use GCC atomic builtins
2018-02-06T08:56:00.595491Z 0 [Note] InnoDB: Uses event mutexes
2018-02-06T08:56:00.595774Z 0 [Note] InnoDB: GCC builtin __atomic_thread_fence() is used for memory barrier
2018-02-06T08:56:00.596048Z 0 [Note] InnoDB: Compressed tables use zlib 1.2.3
2018-02-06T08:56:00.596401Z 0 [Note] InnoDB: Using Linux native AIO
2018-02-06T08:56:00.596991Z 0 [Note] InnoDB: Number of pools: 1
2018-02-06T08:56:00.597372Z 0 [Note] InnoDB: Using CPU crc32 instructions
2018-02-06T08:56:00.598626Z 0 [Note] InnoDB: Initializing buffer pool, total size = 128M, instances = 1, chunk size = 128M
2018-02-06T08:56:00.603828Z 0 [Note] InnoDB: Completed initialization of buffer pool
2018-02-06T08:56:00.605711Z 0 [Note] InnoDB: If the mysqld execution user is authorized, page cleaner thread priority can be changed. See the man page of setpriority().
2018-02-06T08:56:00.620666Z 0 [Note] InnoDB: Highest supported file format is Barracuda.
2018-02-06T08:56:00.623630Z 0 [Note] InnoDB: Log scan progressed past the checkpoint lsn 12221161
2018-02-06T08:56:00.624611Z 0 [Note] InnoDB: Doing recovery: scanned up to log sequence number 12221170
2018-02-06T08:56:00.625397Z 0 [Note] InnoDB: Database was not shutdown normally!
2018-02-06T08:56:00.626283Z 0 [Note] InnoDB: Starting crash recovery.
2018-02-06T08:56:00.750186Z 0 [Note] InnoDB: Removed temporary tablespace data file: "ibtmp1"
2018-02-06T08:56:00.788113Z 0 [Note] InnoDB: Creating shared tablespace for temporary tables
2018-02-06T08:56:00.789511Z 0 [Note] InnoDB: Setting file './ibtmp1' size to 12 MB. Physically writing the file full; Please wait ...
2018-02-06T08:56:00.843193Z 0 [Note] InnoDB: File './ibtmp1' size is now 12 MB.
2018-02-06T08:56:00.844954Z 0 [Note] InnoDB: 96 redo rollback segment(s) found. 96 redo rollback segment(s) are active.
2018-02-06T08:56:00.845667Z 0 [Note] InnoDB: 32 non-redo rollback segment(s) are active.
2018-02-06T08:56:00.846693Z 0 [Note] InnoDB: Waiting for purge to start
2018-02-06T08:56:00.899270Z 0 [Note] InnoDB: 5.7.21 started; log sequence number 12221170
2018-02-06T08:56:00.900713Z 0 [Note] InnoDB: Loading buffer pool(s) from /var/lib/mysql/ib_buffer_pool
2018-02-06T08:56:00.900866Z 0 [Note] Plugin 'FEDERATED' is disabled.
2018-02-06T08:56:00.906232Z 0 [Note] InnoDB: Buffer pool(s) load completed at 180206  8:56:00
2018-02-06T08:56:00.909043Z 0 [Note] Found ca.pem, server-cert.pem and server-key.pem in data directory. Trying to enable SSL support using them.
2018-02-06T08:56:00.910112Z 0 [Warning] CA certificate ca.pem is self signed.
2018-02-06T08:56:00.911620Z 0 [Note] Server hostname (bind-address): '*'; port: 3306
2018-02-06T08:56:00.912121Z 0 [Note] IPv6 is available.
2018-02-06T08:56:00.912477Z 0 [Note]   - '::' resolves to '::';
2018-02-06T08:56:00.912820Z 0 [Note] Server socket created on IP: '::'.
2018-02-06T08:56:00.916392Z 0 [Warning] 'user' entry 'root@localhost' ignored in --skip-name-resolve mode.
2018-02-06T08:56:00.916959Z 0 [Warning] 'user' entry 'mysql.session@localhost' ignored in --skip-name-resolve mode.
2018-02-06T08:56:00.917363Z 0 [Warning] 'user' entry 'mysql.sys@localhost' ignored in --skip-name-resolve mode.
2018-02-06T08:56:00.917742Z 0 [Warning] 'db' entry 'performance_schema mysql.session@localhost' ignored in --skip-name-resolve mode.
2018-02-06T08:56:00.918078Z 0 [Warning] 'db' entry 'sys mysql.sys@localhost' ignored in --skip-name-resolve mode.
2018-02-06T08:56:00.918445Z 0 [Warning] 'proxies_priv' entry '@ root@localhost' ignored in --skip-name-resolve mode.
2018-02-06T08:56:00.921136Z 0 [Warning] 'tables_priv' entry 'user mysql.session@localhost' ignored in --skip-name-resolve mode.
2018-02-06T08:56:00.921726Z 0 [Warning] 'tables_priv' entry 'sys_config mysql.sys@localhost' ignored in --skip-name-resolve mode.
2018-02-06T08:56:00.928145Z 0 [Note] Event Scheduler: Loaded 0 events
2018-02-06T08:56:00.951887Z 0 [Note] mysqld: ready for connections.
Version: '5.7.21'  socket: '/var/run/mysqld/mysqld.sock'  port: 3306  MySQL Community Server (GPL)
2018-02-06T08:56:02.387550Z 0 [Note] Giving 0 client threads a chance to die gracefully
2018-02-06T08:56:02.388110Z 0 [Note] Shutting down slave threads
2018-02-06T08:56:02.388966Z 0 [Note] Forcefully disconnecting 0 remaining clients
2018-02-06T08:56:02.389346Z 0 [Note] Event Scheduler: Purging the queue. 0 events
2018-02-06T08:56:02.389816Z 0 [Note] Binlog end
2018-02-06T08:56:02.390811Z 0 [Note] Shutting down plugin 'ngram'
2018-02-06T08:56:02.391278Z 0 [Note] Shutting down plugin 'BLACKHOLE'
2018-02-06T08:56:02.391657Z 0 [Note] Shutting down plugin 'partition'
2018-02-06T08:56:02.392048Z 0 [Note] Shutting down plugin 'ARCHIVE'
2018-02-06T08:56:02.392375Z 0 [Note] Shutting down plugin 'MEMORY'
2018-02-06T08:56:02.392703Z 0 [Note] Shutting down plugin 'INNODB_SYS_VIRTUAL'
2018-02-06T08:56:02.393119Z 0 [Note] Shutting down plugin 'INNODB_SYS_DATAFILES'
2018-02-06T08:56:02.395864Z 0 [Note] Shutting down plugin 'INNODB_SYS_TABLESPACES'
2018-02-06T08:56:02.396574Z 0 [Note] Shutting down plugin 'INNODB_SYS_FOREIGN_COLS'
2018-02-06T08:56:02.396942Z 0 [Note] Shutting down plugin 'INNODB_SYS_FOREIGN'
2018-02-06T08:56:02.397379Z 0 [Note] Shutting down plugin 'INNODB_SYS_FIELDS'
2018-02-06T08:56:02.397779Z 0 [Note] Shutting down plugin 'INNODB_SYS_COLUMNS'
2018-02-06T08:56:02.398279Z 0 [Note] Shutting down plugin 'INNODB_SYS_INDEXES'
2018-02-06T08:56:02.398740Z 0 [Note] Shutting down plugin 'INNODB_SYS_TABLESTATS'
2018-02-06T08:56:02.399141Z 0 [Note] Shutting down plugin 'INNODB_SYS_TABLES'
2018-02-06T08:56:02.399555Z 0 [Note] Shutting down plugin 'INNODB_FT_INDEX_TABLE'
2018-02-06T08:56:02.399883Z 0 [Note] Shutting down plugin 'INNODB_FT_INDEX_CACHE'
2018-02-06T08:56:02.400169Z 0 [Note] Shutting down plugin 'INNODB_FT_CONFIG'
2018-02-06T08:56:02.400452Z 0 [Note] Shutting down plugin 'INNODB_FT_BEING_DELETED'
2018-02-06T08:56:02.400721Z 0 [Note] Shutting down plugin 'INNODB_FT_DELETED'
2018-02-06T08:56:02.401010Z 0 [Note] Shutting down plugin 'INNODB_FT_DEFAULT_STOPWORD'
2018-02-06T08:56:02.401292Z 0 [Note] Shutting down plugin 'INNODB_METRICS'
2018-02-06T08:56:02.401559Z 0 [Note] Shutting down plugin 'INNODB_TEMP_TABLE_INFO'
2018-02-06T08:56:02.401805Z 0 [Note] Shutting down plugin 'INNODB_BUFFER_POOL_STATS'
2018-02-06T08:56:02.402063Z 0 [Note] Shutting down plugin 'INNODB_BUFFER_PAGE_LRU'
2018-02-06T08:56:02.402319Z 0 [Note] Shutting down plugin 'INNODB_BUFFER_PAGE'
2018-02-06T08:56:02.402580Z 0 [Note] Shutting down plugin 'INNODB_CMP_PER_INDEX_RESET'
2018-02-06T08:56:02.402852Z 0 [Note] Shutting down plugin 'INNODB_CMP_PER_INDEX'
2018-02-06T08:56:02.403143Z 0 [Note] Shutting down plugin 'INNODB_CMPMEM_RESET'
2018-02-06T08:56:02.403400Z 0 [Note] Shutting down plugin 'INNODB_CMPMEM'
2018-02-06T08:56:02.403678Z 0 [Note] Shutting down plugin 'INNODB_CMP_RESET'
2018-02-06T08:56:02.403952Z 0 [Note] Shutting down plugin 'INNODB_CMP'
2018-02-06T08:56:02.404225Z 0 [Note] Shutting down plugin 'INNODB_LOCK_WAITS'
2018-02-06T08:56:02.404490Z 0 [Note] Shutting down plugin 'INNODB_LOCKS'
2018-02-06T08:56:02.404760Z 0 [Note] Shutting down plugin 'INNODB_TRX'
2018-02-06T08:56:02.405056Z 0 [Note] Shutting down plugin 'InnoDB'
2018-02-06T08:56:02.405468Z 0 [Note] InnoDB: FTS optimize thread exiting.
2018-02-06T08:56:02.405856Z 0 [Note] InnoDB: Starting shutdown...
2018-02-06T08:56:02.508911Z 0 [Note] InnoDB: Dumping buffer pool(s) to /var/lib/mysql/ib_buffer_pool
2018-02-06T08:56:02.510325Z 0 [Note] InnoDB: Buffer pool(s) dump completed at 180206  8:56:02
2018-02-06T08:56:03.740986Z 0 [Note] InnoDB: Shutdown completed; log sequence number 12221189
2018-02-06T08:56:03.744374Z 0 [Note] InnoDB: Removed temporary tablespace data file: "ibtmp1"
2018-02-06T08:56:03.744844Z 0 [Note] Shutting down plugin 'MyISAM'
2018-02-06T08:56:03.745153Z 0 [Note] Shutting down plugin 'MRG_MYISAM'
2018-02-06T08:56:03.745368Z 0 [Note] Shutting down plugin 'CSV'
2018-02-06T08:56:03.745642Z 0 [Note] Shutting down plugin 'PERFORMANCE_SCHEMA'
2018-02-06T08:56:03.745925Z 0 [Note] Shutting down plugin 'sha256_password'
2018-02-06T08:56:03.746187Z 0 [Note] Shutting down plugin 'mysql_native_password'
2018-02-06T08:56:03.746573Z 0 [Note] Shutting down plugin 'binlog'
2018-02-06T08:56:03.749959Z 0 [Note] mysqld: Shutdown complete

2018-02-06T08:56:43.675457Z 0 [Warning] InnoDB: New log files created, LSN=45790
2018-02-06T08:56:43.736275Z 0 [Warning] InnoDB: Creating foreign key constraint system tables.
2018-02-06T08:56:43.743908Z 0 [Warning] No existing UUID has been found, so we assume that this is the first time that this server has been started. Generating a new UUID: a78699ec-0b1b-11e8-8208-0242ac130002.
2018-02-06T08:56:43.745645Z 0 [Warning] Gtid table is not ready to be used. Table 'mysql.gtid_executed' cannot be opened.
2018-02-06T08:56:43.746437Z 1 [Warning] root@localhost is created with an empty password ! Please consider switching off the --initialize-insecure option.
2018-02-06T08:56:44.280402Z 1 [Warning] 'user' entry 'root@localhost' ignored in --skip-name-resolve mode.
2018-02-06T08:56:44.281021Z 1 [Warning] 'user' entry 'mysql.session@localhost' ignored in --skip-name-resolve mode.
2018-02-06T08:56:44.281526Z 1 [Warning] 'user' entry 'mysql.sys@localhost' ignored in --skip-name-resolve mode.
2018-02-06T08:56:44.282148Z 1 [Warning] 'db' entry 'performance_schema mysql.session@localhost' ignored in --skip-name-resolve mode.
2018-02-06T08:56:44.282463Z 1 [Warning] 'db' entry 'sys mysql.sys@localhost' ignored in --skip-name-resolve mode.
2018-02-06T08:56:44.282737Z 1 [Warning] 'proxies_priv' entry '@ root@localhost' ignored in --skip-name-resolve mode.
2018-02-06T08:56:44.283172Z 1 [Warning] 'tables_priv' entry 'user mysql.session@localhost' ignored in --skip-name-resolve mode.
2018-02-06T08:56:44.283430Z 1 [Warning] 'tables_priv' entry 'sys_config mysql.sys@localhost' ignored in --skip-name-resolve mode.
2018-02-06T08:56:47.058301Z 0 [Note] mysqld (mysqld 5.7.21) starting as process 88 ...
2018-02-06T08:56:47.063977Z 0 [Note] InnoDB: PUNCH HOLE support available
2018-02-06T08:56:47.064270Z 0 [Note] InnoDB: Mutexes and rw_locks use GCC atomic builtins
2018-02-06T08:56:47.064651Z 0 [Note] InnoDB: Uses event mutexes
2018-02-06T08:56:47.064905Z 0 [Note] InnoDB: GCC builtin __atomic_thread_fence() is used for memory barrier
2018-02-06T08:56:47.065214Z 0 [Note] InnoDB: Compressed tables use zlib 1.2.3
2018-02-06T08:56:47.065466Z 0 [Note] InnoDB: Using Linux native AIO
2018-02-06T08:56:47.065921Z 0 [Note] InnoDB: Number of pools: 1
2018-02-06T08:56:47.066269Z 0 [Note] InnoDB: Using CPU crc32 instructions
2018-02-06T08:56:47.067493Z 0 [Note] InnoDB: Initializing buffer pool, total size = 128M, instances = 1, chunk size = 128M
2018-02-06T08:56:47.091192Z 0 [Note] InnoDB: Completed initialization of buffer pool
2018-02-06T08:56:47.096649Z 0 [Note] InnoDB: If the mysqld execution user is authorized, page cleaner thread priority can be changed. See the man page of setpriority().
2018-02-06T08:56:47.110086Z 0 [Note] InnoDB: Highest supported file format is Barracuda.
2018-02-06T08:56:47.117986Z 0 [Note] InnoDB: Creating shared tablespace for temporary tables
2018-02-06T08:56:47.118642Z 0 [Note] InnoDB: Setting file './ibtmp1' size to 12 MB. Physically writing the file full; Please wait ...
2018-02-06T08:56:47.157422Z 0 [Note] InnoDB: File './ibtmp1' size is now 12 MB.
2018-02-06T08:56:47.158533Z 0 [Note] InnoDB: 96 redo rollback segment(s) found. 96 redo rollback segment(s) are active.
2018-02-06T08:56:47.158907Z 0 [Note] InnoDB: 32 non-redo rollback segment(s) are active.
2018-02-06T08:56:47.159552Z 0 [Note] InnoDB: Waiting for purge to start
2018-02-06T08:56:47.211006Z 0 [Note] InnoDB: 5.7.21 started; log sequence number 2551166
2018-02-06T08:56:47.213026Z 0 [Note] InnoDB: Loading buffer pool(s) from /var/lib/mysql/ib_buffer_pool
2018-02-06T08:56:47.213496Z 0 [Note] Plugin 'FEDERATED' is disabled.
2018-02-06T08:56:47.216311Z 0 [Note] InnoDB: Buffer pool(s) load completed at 180206  8:56:47
2018-02-06T08:56:47.223727Z 0 [Note] Found ca.pem, server-cert.pem and server-key.pem in data directory. Trying to enable SSL support using them.
2018-02-06T08:56:47.224492Z 0 [Warning] CA certificate ca.pem is self signed.
2018-02-06T08:56:47.228985Z 0 [Warning] 'user' entry 'root@localhost' ignored in --skip-name-resolve mode.
2018-02-06T08:56:47.229493Z 0 [Warning] 'user' entry 'mysql.session@localhost' ignored in --skip-name-resolve mode.
2018-02-06T08:56:47.229866Z 0 [Warning] 'user' entry 'mysql.sys@localhost' ignored in --skip-name-resolve mode.
2018-02-06T08:56:47.230174Z 0 [Warning] 'db' entry 'performance_schema mysql.session@localhost' ignored in --skip-name-resolve mode.
2018-02-06T08:56:47.230446Z 0 [Warning] 'db' entry 'sys mysql.sys@localhost' ignored in --skip-name-resolve mode.
2018-02-06T08:56:47.230704Z 0 [Warning] 'proxies_priv' entry '@ root@localhost' ignored in --skip-name-resolve mode.
2018-02-06T08:56:47.232083Z 0 [Warning] 'tables_priv' entry 'user mysql.session@localhost' ignored in --skip-name-resolve mode.
2018-02-06T08:56:47.232431Z 0 [Warning] 'tables_priv' entry 'sys_config mysql.sys@localhost' ignored in --skip-name-resolve mode.
2018-02-06T08:56:47.237774Z 0 [Note] Event Scheduler: Loaded 0 events
2018-02-06T08:56:47.238493Z 0 [Note] mysqld: ready for connections.
Version: '5.7.21'  socket: '/var/run/mysqld/mysqld.sock'  port: 0  MySQL Community Server (GPL)
2018-02-06T08:56:50.263700Z 4 [Warning] 'user' entry 'root@localhost' ignored in --skip-name-resolve mode.
2018-02-06T08:56:50.264157Z 4 [Warning] 'user' entry 'mysql.session@localhost' ignored in --skip-name-resolve mode.
2018-02-06T08:56:50.264453Z 4 [Warning] 'user' entry 'mysql.sys@localhost' ignored in --skip-name-resolve mode.
2018-02-06T08:56:50.264777Z 4 [Warning] 'db' entry 'performance_schema mysql.session@localhost' ignored in --skip-name-resolve mode.
2018-02-06T08:56:50.265025Z 4 [Warning] 'db' entry 'sys mysql.sys@localhost' ignored in --skip-name-resolve mode.
2018-02-06T08:56:50.265284Z 4 [Warning] 'proxies_priv' entry '@ root@localhost' ignored in --skip-name-resolve mode.
2018-02-06T08:56:50.265591Z 4 [Warning] 'tables_priv' entry 'user mysql.session@localhost' ignored in --skip-name-resolve mode.
2018-02-06T08:56:50.265859Z 4 [Warning] 'tables_priv' entry 'sys_config mysql.sys@localhost' ignored in --skip-name-resolve mode.
2018-02-06T08:56:50.578797Z 0 [Note] Giving 0 client threads a chance to die gracefully
2018-02-06T08:56:50.579142Z 0 [Note] Shutting down slave threads
2018-02-06T08:56:50.579451Z 0 [Note] Forcefully disconnecting 0 remaining clients
2018-02-06T08:56:50.579810Z 0 [Note] Event Scheduler: Purging the queue. 0 events
2018-02-06T08:56:50.580263Z 0 [Note] Binlog end
2018-02-06T08:56:50.581039Z 0 [Note] Shutting down plugin 'ngram'
2018-02-06T08:56:50.581330Z 0 [Note] Shutting down plugin 'BLACKHOLE'
2018-02-06T08:56:50.581634Z 0 [Note] Shutting down plugin 'partition'
2018-02-06T08:56:50.581931Z 0 [Note] Shutting down plugin 'ARCHIVE'
2018-02-06T08:56:50.582173Z 0 [Note] Shutting down plugin 'MEMORY'
2018-02-06T08:56:50.582434Z 0 [Note] Shutting down plugin 'INNODB_SYS_VIRTUAL'
2018-02-06T08:56:50.582708Z 0 [Note] Shutting down plugin 'INNODB_SYS_DATAFILES'
2018-02-06T08:56:50.582991Z 0 [Note] Shutting down plugin 'INNODB_SYS_TABLESPACES'
2018-02-06T08:56:50.583215Z 0 [Note] Shutting down plugin 'INNODB_SYS_FOREIGN_COLS'
2018-02-06T08:56:50.583478Z 0 [Note] Shutting down plugin 'INNODB_SYS_FOREIGN'
2018-02-06T08:56:50.583778Z 0 [Note] Shutting down plugin 'INNODB_SYS_FIELDS'
2018-02-06T08:56:50.584063Z 0 [Note] Shutting down plugin 'INNODB_SYS_COLUMNS'
2018-02-06T08:56:50.584322Z 0 [Note] Shutting down plugin 'INNODB_SYS_INDEXES'
2018-02-06T08:56:50.584644Z 0 [Note] Shutting down plugin 'INNODB_SYS_TABLESTATS'
2018-02-06T08:56:50.584975Z 0 [Note] Shutting down plugin 'INNODB_SYS_TABLES'
2018-02-06T08:56:50.585238Z 0 [Note] Shutting down plugin 'INNODB_FT_INDEX_TABLE'
2018-02-06T08:56:50.585527Z 0 [Note] Shutting down plugin 'INNODB_FT_INDEX_CACHE'
2018-02-06T08:56:50.586027Z 0 [Note] Shutting down plugin 'INNODB_FT_CONFIG'
2018-02-06T08:56:50.586449Z 0 [Note] Shutting down plugin 'INNODB_FT_BEING_DELETED'
2018-02-06T08:56:50.586791Z 0 [Note] Shutting down plugin 'INNODB_FT_DELETED'
2018-02-06T08:56:50.587064Z 0 [Note] Shutting down plugin 'INNODB_FT_DEFAULT_STOPWORD'
2018-02-06T08:56:50.587369Z 0 [Note] Shutting down plugin 'INNODB_METRICS'
2018-02-06T08:56:50.587669Z 0 [Note] Shutting down plugin 'INNODB_TEMP_TABLE_INFO'
2018-02-06T08:56:50.587941Z 0 [Note] Shutting down plugin 'INNODB_BUFFER_POOL_STATS'
2018-02-06T08:56:50.588227Z 0 [Note] Shutting down plugin 'INNODB_BUFFER_PAGE_LRU'
2018-02-06T08:56:50.588667Z 0 [Note] Shutting down plugin 'INNODB_BUFFER_PAGE'
2018-02-06T08:56:50.588912Z 0 [Note] Shutting down plugin 'INNODB_CMP_PER_INDEX_RESET'
2018-02-06T08:56:50.589177Z 0 [Note] Shutting down plugin 'INNODB_CMP_PER_INDEX'
2018-02-06T08:56:50.589446Z 0 [Note] Shutting down plugin 'INNODB_CMPMEM_RESET'
2018-02-06T08:56:50.590048Z 0 [Note] Shutting down plugin 'INNODB_CMPMEM'
2018-02-06T08:56:50.590724Z 0 [Note] Shutting down plugin 'INNODB_CMP_RESET'
2018-02-06T08:56:50.591600Z 0 [Note] Shutting down plugin 'INNODB_CMP'
2018-02-06T08:56:50.592649Z 0 [Note] Shutting down plugin 'INNODB_LOCK_WAITS'
2018-02-06T08:56:50.593068Z 0 [Note] Shutting down plugin 'INNODB_LOCKS'
2018-02-06T08:56:50.593911Z 0 [Note] Shutting down plugin 'INNODB_TRX'
2018-02-06T08:56:50.594443Z 0 [Note] Shutting down plugin 'InnoDB'
2018-02-06T08:56:50.595427Z 0 [Note] InnoDB: FTS optimize thread exiting.
2018-02-06T08:56:50.595865Z 0 [Note] InnoDB: Starting shutdown...
2018-02-06T08:56:50.701969Z 0 [Note] InnoDB: Dumping buffer pool(s) to /var/lib/mysql/ib_buffer_pool
2018-02-06T08:56:50.703385Z 0 [Note] InnoDB: Buffer pool(s) dump completed at 180206  8:56:50
2018-02-06T08:56:52.160738Z 0 [Note] InnoDB: Shutdown completed; log sequence number 12219664
2018-02-06T08:56:52.164742Z 0 [Note] InnoDB: Removed temporary tablespace data file: "ibtmp1"
2018-02-06T08:56:52.165347Z 0 [Note] Shutting down plugin 'MyISAM'
2018-02-06T08:56:52.165764Z 0 [Note] Shutting down plugin 'MRG_MYISAM'
2018-02-06T08:56:52.166161Z 0 [Note] Shutting down plugin 'CSV'
2018-02-06T08:56:52.166492Z 0 [Note] Shutting down plugin 'PERFORMANCE_SCHEMA'
2018-02-06T08:56:52.166956Z 0 [Note] Shutting down plugin 'sha256_password'
2018-02-06T08:56:52.167257Z 0 [Note] Shutting down plugin 'mysql_native_password'
2018-02-06T08:56:52.167729Z 0 [Note] Shutting down plugin 'binlog'
2018-02-06T08:56:52.171376Z 0 [Note] mysqld: Shutdown complete

2018-02-06T08:56:52.509320Z 0 [Note] mysqld (mysqld 5.7.21) starting as process 1 ...
2018-02-06T08:56:52.515569Z 0 [Note] InnoDB: PUNCH HOLE support available
2018-02-06T08:56:52.515905Z 0 [Note] InnoDB: Mutexes and rw_locks use GCC atomic builtins
2018-02-06T08:56:52.516233Z 0 [Note] InnoDB: Uses event mutexes
2018-02-06T08:56:52.516659Z 0 [Note] InnoDB: GCC builtin __atomic_thread_fence() is used for memory barrier
2018-02-06T08:56:52.517047Z 0 [Note] InnoDB: Compressed tables use zlib 1.2.3
2018-02-06T08:56:52.517360Z 0 [Note] InnoDB: Using Linux native AIO
2018-02-06T08:56:52.517877Z 0 [Note] InnoDB: Number of pools: 1
2018-02-06T08:56:52.518271Z 0 [Note] InnoDB: Using CPU crc32 instructions
2018-02-06T08:56:52.519762Z 0 [Note] InnoDB: Initializing buffer pool, total size = 128M, instances = 1, chunk size = 128M
2018-02-06T08:56:52.525214Z 0 [Note] InnoDB: Completed initialization of buffer pool
2018-02-06T08:56:52.527089Z 0 [Note] InnoDB: If the mysqld execution user is authorized, page cleaner thread priority can be changed. See the man page of setpriority().
2018-02-06T08:56:52.541854Z 0 [Note] InnoDB: Highest supported file format is Barracuda.
2018-02-06T08:56:52.558530Z 0 [Note] InnoDB: Creating shared tablespace for temporary tables
2018-02-06T08:56:52.559054Z 0 [Note] InnoDB: Setting file './ibtmp1' size to 12 MB. Physically writing the file full; Please wait ...
2018-02-06T08:56:52.599856Z 0 [Note] InnoDB: File './ibtmp1' size is now 12 MB.
2018-02-06T08:56:52.601162Z 0 [Note] InnoDB: 96 redo rollback segment(s) found. 96 redo rollback segment(s) are active.
2018-02-06T08:56:52.601559Z 0 [Note] InnoDB: 32 non-redo rollback segment(s) are active.
2018-02-06T08:56:52.602105Z 0 [Note] InnoDB: Waiting for purge to start
2018-02-06T08:56:52.653625Z 0 [Note] InnoDB: 5.7.21 started; log sequence number 12219664
2018-02-06T08:56:52.655414Z 0 [Note] InnoDB: Loading buffer pool(s) from /var/lib/mysql/ib_buffer_pool
2018-02-06T08:56:52.655811Z 0 [Note] Plugin 'FEDERATED' is disabled.
2018-02-06T08:56:52.661290Z 0 [Note] InnoDB: Buffer pool(s) load completed at 180206  8:56:52
2018-02-06T08:56:52.663104Z 0 [Note] Found ca.pem, server-cert.pem and server-key.pem in data directory. Trying to enable SSL support using them.
2018-02-06T08:56:52.663835Z 0 [Warning] CA certificate ca.pem is self signed.
2018-02-06T08:56:52.665315Z 0 [Note] Server hostname (bind-address): '*'; port: 3306
2018-02-06T08:56:52.665754Z 0 [Note] IPv6 is available.
2018-02-06T08:56:52.666131Z 0 [Note]   - '::' resolves to '::';
2018-02-06T08:56:52.666494Z 0 [Note] Server socket created on IP: '::'.
2018-02-06T08:56:52.669712Z 0 [Warning] 'user' entry 'root@localhost' ignored in --skip-name-resolve mode.
2018-02-06T08:56:52.670092Z 0 [Warning] 'user' entry 'mysql.session@localhost' ignored in --skip-name-resolve mode.
2018-02-06T08:56:52.670443Z 0 [Warning] 'user' entry 'mysql.sys@localhost' ignored in --skip-name-resolve mode.
2018-02-06T08:56:52.670743Z 0 [Warning] 'db' entry 'performance_schema mysql.session@localhost' ignored in --skip-name-resolve mode.
2018-02-06T08:56:52.670981Z 0 [Warning] 'db' entry 'sys mysql.sys@localhost' ignored in --skip-name-resolve mode.
2018-02-06T08:56:52.671257Z 0 [Warning] 'proxies_priv' entry '@ root@localhost' ignored in --skip-name-resolve mode.
2018-02-06T08:56:52.673294Z 0 [Warning] 'tables_priv' entry 'user mysql.session@localhost' ignored in --skip-name-resolve mode.
2018-02-06T08:56:52.673810Z 0 [Warning] 'tables_priv' entry 'sys_config mysql.sys@localhost' ignored in --skip-name-resolve mode.
2018-02-06T08:56:52.678477Z 0 [Note] Event Scheduler: Loaded 0 events
2018-02-06T08:56:52.679070Z 0 [Note] mysqld: ready for connections.
Version: '5.7.21'  socket: '/var/run/mysqld/mysqld.sock'  port: 3306  MySQL Community Server (GPL)
