go build -o ./cmd/circle/circle ./cmd/circle/circle.go
./cmd/circle/circle -dbconfig "root:password@tcp(db:3306)/circlebank?parseTime=true" -addr 8080
[negroni] 2018-02-07T10:23:30Z | 200 | 	 13.929519ms | localhost:80 | GET /api/doshisha/circle 
[negroni] 2018-02-07T10:24:03Z | 200 | 	 2.427201ms | localhost | GET /api/doshisha/circle 
[negroni] 2018-02-07T10:27:18Z | 200 | 	 2.699666ms | localhost:80 | GET /api/doshisha/circle 
[negroni] 2018-02-07T10:27:18Z | 307 | 	 184.309µs | localhost:80 | GET /img/circles/4.png 
[negroni] 2018-02-07T10:27:18Z | 200 | 	 11.779681ms | localhost:80 | GET / 
[negroni] 2018-02-07T10:27:18Z | 307 | 	 28.086µs | localhost:80 | GET /img/circles/1.png 
[negroni] 2018-02-07T10:27:18Z | 307 | 	 23.689µs | localhost:80 | GET /img/circles/2.png 
[negroni] 2018-02-07T10:27:18Z | 307 | 	 17.192µs | localhost:80 | GET /img/circles/5.png 
[negroni] 2018-02-07T10:27:18Z | 307 | 	 14.493µs | localhost:80 | GET /img/circles/3.png 
[negroni] 2018-02-07T10:27:45Z | 200 | 	 2.114356ms | localhost:80 | GET /api/doshisha/circle 
[negroni] 2018-02-07T10:27:45Z | 307 | 	 74.063µs | localhost:80 | GET /staticimg/circles/2.png 
[negroni] 2018-02-07T10:27:45Z | 307 | 	 36.482µs | localhost:80 | GET /staticimg/circles/5.png 
[negroni] 2018-02-07T10:27:45Z | 307 | 	 33.183µs | localhost:80 | GET /staticimg/circles/3.png 
[negroni] 2018-02-07T10:27:45Z | 307 | 	 24.188µs | localhost:80 | GET /staticimg/circles/4.png 
[negroni] 2018-02-07T10:27:45Z | 307 | 	 51.075µs | localhost:80 | GET /staticimg/circles/1.png 
[negroni] 2018-02-07T10:28:40Z | 405 | 	 595.406µs | localhost | POST /api/doshisha/circle 
[negroni] 2018-02-07T10:28:43Z | 405 | 	 118.541µs | localhost | POST /api/doshisha/circle 
[negroni] 2018-02-07T10:28:43Z | 405 | 	 93.554µs | localhost | POST /api/doshisha/circle 
[negroni] 2018-02-07T10:29:00Z | 405 | 	 154.923µs | localhost | POST /api/doshisha/circle 
[negroni] 2018-02-07T10:29:07Z | 200 | 	 2.505062ms | localhost | GET /api/doshisha/circle 
[negroni] 2018-02-07T10:29:18Z | 405 | 	 147.327µs | localhost | POST /api/doshisha/circle 
[negroni] 2018-02-07T10:29:25Z | 200 | 	 1.495661ms | localhost | GET /api/doshisha/circle 
[negroni] 2018-02-07T10:29:41Z | 404 | 	 3.630007ms | localhost | GET /img/circle/1.png 
[negroni] 2018-02-07T10:29:45Z | 404 | 	 2.172726ms | localhost | GET /img/circle/ 
[negroni] 2018-02-07T10:31:32Z | 200 | 	 14.42709ms | localhost | GET /img/circles/3.png 
[negroni] 2018-02-07T10:31:46Z | 200 | 	 1.392309ms | localhost:80 | GET /api/doshisha/circle 
[negroni] 2018-02-07T10:31:46Z | 301 | 	 70.501µs | localhost:80 | GET //static/img/circles/5.png 
[negroni] 2018-02-07T10:31:46Z | 200 | 	 11.155369ms | localhost:80 | GET /img/circles/5.png 
[negroni] 2018-02-07T10:31:46Z | 301 | 	 20.4µs | localhost:80 | GET //static/img/circles/4.png 
[negroni] 2018-02-07T10:31:46Z | 301 | 	 18µs | localhost:80 | GET //static/img/circles/2.png 
[negroni] 2018-02-07T10:31:46Z | 301 | 	 13.101µs | localhost:80 | GET //static/img/circles/3.png 
[negroni] 2018-02-07T10:31:46Z | 301 | 	 17.9µs | localhost:80 | GET //static/img/circles/1.png 
[negroni] 2018-02-07T10:31:46Z | 200 | 	 14.770292ms | localhost:80 | GET /img/circles/1.png 
[negroni] 2018-02-07T10:31:46Z | 200 | 	 17.306208ms | localhost:80 | GET /img/circles/2.png 
[negroni] 2018-02-07T10:31:46Z | 200 | 	 29.811186ms | localhost:80 | GET /img/circles/4.png 
[negroni] 2018-02-07T10:31:46Z | 200 | 	 24.725553ms | localhost:80 | GET /img/circles/3.png 
